23/07/2011 17:23:15 (Std) 	+-+-+-+-+-+-+-+-+-+-+-+-+-+-+-+-+-+-+-+-+-+-+-+-+-+-+-+-+-+-+-+-+-+-+-+-+-+-+-+
23/07/2011 17:23:15 (Std) 	+                     Crazy Eddie's GUI System - Event log                    +
23/07/2011 17:23:15 (Std) 	+                          (http://www.cegui.org.uk/)                         +
23/07/2011 17:23:15 (Std) 	+-+-+-+-+-+-+-+-+-+-+-+-+-+-+-+-+-+-+-+-+-+-+-+-+-+-+-+-+-+-+-+-+-+-+-+-+-+-+-+

23/07/2011 17:23:15 (Std) 	CEGUI::Logger singleton created. (0xacb1c00)
23/07/2011 17:23:15 (Std) 	
23/07/2011 17:23:15 (Std) 	********************************************************************************
23/07/2011 17:23:15 (Std) 	* Important:                                                                   *
23/07/2011 17:23:15 (Std) 	*     To get support at the CEGUI forums, you must post _at least_ the section *
23/07/2011 17:23:15 (Std) 	*     of this log file indicated below.  Failure to do this will result in no  *
23/07/2011 17:23:15 (Std) 	*     support being given; please do not waste our time.                       *
23/07/2011 17:23:15 (Std) 	********************************************************************************
23/07/2011 17:23:15 (Std) 	********************************************************************************
23/07/2011 17:23:15 (Std) 	* -------- START OF ESSENTIAL SECTION TO BE POSTED ON THE FORUM       -------- *
23/07/2011 17:23:15 (Std) 	********************************************************************************
23/07/2011 17:23:15 (Std) 	---- Version 0.7.5 (Build: Jul 19 2011 GNU/Linux g++ 4.5.2 32 bit) ----
23/07/2011 17:23:15 (Std) 	---- Renderer module is: CEGUI::OgreRenderer - Official OGRE based 2nd generation renderer module. ----
23/07/2011 17:23:15 (Std) 	---- XML Parser module is: CEGUI::TinyXMLParser - Official tinyXML based parser module for CEGUI ----
23/07/2011 17:23:15 (Std) 	---- Image Codec module is: OgreImageCodec - Integrated ImageCodec using the Ogre engine. ----
23/07/2011 17:23:15 (Std) 	---- Scripting module is: None ----
23/07/2011 17:23:15 (Std) 	********************************************************************************
23/07/2011 17:23:15 (Std) 	* -------- END OF ESSENTIAL SECTION TO BE POSTED ON THE FORUM         -------- *
23/07/2011 17:23:15 (Std) 	********************************************************************************
23/07/2011 17:23:15 (Std) 	
23/07/2011 17:23:15 (Std) 	---- Begining CEGUI System initialisation ----
23/07/2011 17:23:15 (Std) 	CEGUI::ImagesetManager singleton created (0xa9bae80)
23/07/2011 17:23:15 (Std) 	CEGUI::FontManager singleton created. (0xada4978)
23/07/2011 17:23:15 (Std) 	CEGUI::WindowFactoryManager singleton created
23/07/2011 17:23:15 (Std) 	CEGUI::WindowManager singleton created (0xa96e590)
23/07/2011 17:23:15 (Std) 	CEGUI::SchemeManager singleton created. (0xa970e08)
23/07/2011 17:23:15 (Std) 	CEGUI::MouseCursor singleton created. (0xac6ca00)
23/07/2011 17:23:15 (Std) 	CEGUI::GlobalEventSet singleton created. (0xa991d40)
23/07/2011 17:23:15 (Std) 	CEGUI::AnimationManager singleton created (0xa9955f0)
23/07/2011 17:23:15 (Std) 	CEGUI::WidgetLookManager singleton created. (0xa949068)
23/07/2011 17:23:15 (Std) 	CEGUI::WindowRendererManager singleton created (0xa960c38)
23/07/2011 17:23:15 (Std) 	CEGUI::RenderEffectManager singleton created (0x9a94198)
23/07/2011 17:23:15 (Std) 	Created WindowFactory for 'DefaultWindow' windows.
23/07/2011 17:23:15 (Std) 	WindowFactory for 'DefaultWindow' windows added. (0xaca0ff0)
23/07/2011 17:23:15 (Std) 	Created WindowFactory for 'DragContainer' windows.
23/07/2011 17:23:15 (Std) 	WindowFactory for 'DragContainer' windows added. (0xa995678)
23/07/2011 17:23:15 (Std) 	Created WindowFactory for 'ScrolledContainer' windows.
23/07/2011 17:23:15 (Std) 	WindowFactory for 'ScrolledContainer' windows added. (0xad45ae0)
23/07/2011 17:23:15 (Std) 	Created WindowFactory for 'ClippedContainer' windows.
23/07/2011 17:23:15 (Std) 	WindowFactory for 'ClippedContainer' windows added. (0xada09c0)
23/07/2011 17:23:15 (Std) 	Created WindowFactory for 'CEGUI/Checkbox' windows.
23/07/2011 17:23:15 (Std) 	WindowFactory for 'CEGUI/Checkbox' windows added. (0xad97f50)
23/07/2011 17:23:15 (Std) 	Created WindowFactory for 'CEGUI/PushButton' windows.
23/07/2011 17:23:15 (Std) 	WindowFactory for 'CEGUI/PushButton' windows added. (0xa9abf68)
23/07/2011 17:23:15 (Std) 	Created WindowFactory for 'CEGUI/RadioButton' windows.
23/07/2011 17:23:15 (Std) 	WindowFactory for 'CEGUI/RadioButton' windows added. (0xa981098)
23/07/2011 17:23:15 (Std) 	Created WindowFactory for 'CEGUI/Combobox' windows.
23/07/2011 17:23:15 (Std) 	WindowFactory for 'CEGUI/Combobox' windows added. (0xa995ca0)
23/07/2011 17:23:15 (Std) 	Created WindowFactory for 'CEGUI/ComboDropList' windows.
23/07/2011 17:23:15 (Std) 	WindowFactory for 'CEGUI/ComboDropList' windows added. (0xa960a90)
23/07/2011 17:23:15 (Std) 	Created WindowFactory for 'CEGUI/Editbox' windows.
23/07/2011 17:23:15 (Std) 	WindowFactory for 'CEGUI/Editbox' windows added. (0xa9771d8)
23/07/2011 17:23:15 (Std) 	Created WindowFactory for 'CEGUI/FrameWindow' windows.
23/07/2011 17:23:15 (Std) 	WindowFactory for 'CEGUI/FrameWindow' windows added. (0xa9169a0)
23/07/2011 17:23:15 (Std) 	Created WindowFactory for 'CEGUI/ItemEntry' windows.
23/07/2011 17:23:15 (Std) 	WindowFactory for 'CEGUI/ItemEntry' windows added. (0x9ffb518)
23/07/2011 17:23:15 (Std) 	Created WindowFactory for 'CEGUI/Listbox' windows.
23/07/2011 17:23:15 (Std) 	WindowFactory for 'CEGUI/Listbox' windows added. (0xa971ff8)
23/07/2011 17:23:15 (Std) 	Created WindowFactory for 'CEGUI/ListHeader' windows.
23/07/2011 17:23:15 (Std) 	WindowFactory for 'CEGUI/ListHeader' windows added. (0xab37978)
23/07/2011 17:23:15 (Std) 	Created WindowFactory for 'CEGUI/ListHeaderSegment' windows.
23/07/2011 17:23:15 (Std) 	WindowFactory for 'CEGUI/ListHeaderSegment' windows added. (0xa952220)
23/07/2011 17:23:15 (Std) 	Created WindowFactory for 'CEGUI/Menubar' windows.
23/07/2011 17:23:15 (Std) 	WindowFactory for 'CEGUI/Menubar' windows added. (0xa9750d8)
23/07/2011 17:23:15 (Std) 	Created WindowFactory for 'CEGUI/PopupMenu' windows.
23/07/2011 17:23:15 (Std) 	WindowFactory for 'CEGUI/PopupMenu' windows added. (0xa94f0c0)
23/07/2011 17:23:15 (Std) 	Created WindowFactory for 'CEGUI/MenuItem' windows.
23/07/2011 17:23:15 (Std) 	WindowFactory for 'CEGUI/MenuItem' windows added. (0xa95b300)
23/07/2011 17:23:15 (Std) 	Created WindowFactory for 'CEGUI/MultiColumnList' windows.
23/07/2011 17:23:15 (Std) 	WindowFactory for 'CEGUI/MultiColumnList' windows added. (0xa9a27c8)
23/07/2011 17:23:15 (Std) 	Created WindowFactory for 'CEGUI/MultiLineEditbox' windows.
23/07/2011 17:23:15 (Std) 	WindowFactory for 'CEGUI/MultiLineEditbox' windows added. (0xa960d48)
23/07/2011 17:23:15 (Std) 	Created WindowFactory for 'CEGUI/ProgressBar' windows.
23/07/2011 17:23:15 (Std) 	WindowFactory for 'CEGUI/ProgressBar' windows added. (0xa972868)
23/07/2011 17:23:15 (Std) 	Created WindowFactory for 'CEGUI/ScrollablePane' windows.
23/07/2011 17:23:15 (Std) 	WindowFactory for 'CEGUI/ScrollablePane' windows added. (0xa9abda8)
23/07/2011 17:23:15 (Std) 	Created WindowFactory for 'CEGUI/Scrollbar' windows.
23/07/2011 17:23:15 (Std) 	WindowFactory for 'CEGUI/Scrollbar' windows added. (0xa977570)
23/07/2011 17:23:15 (Std) 	Created WindowFactory for 'CEGUI/Slider' windows.
23/07/2011 17:23:15 (Std) 	WindowFactory for 'CEGUI/Slider' windows added. (0xaca03c8)
23/07/2011 17:23:15 (Std) 	Created WindowFactory for 'CEGUI/Spinner' windows.
23/07/2011 17:23:15 (Std) 	WindowFactory for 'CEGUI/Spinner' windows added. (0xa998460)
23/07/2011 17:23:15 (Std) 	Created WindowFactory for 'CEGUI/TabButton' windows.
23/07/2011 17:23:15 (Std) 	WindowFactory for 'CEGUI/TabButton' windows added. (0xa961380)
23/07/2011 17:23:15 (Std) 	Created WindowFactory for 'CEGUI/TabControl' windows.
23/07/2011 17:23:15 (Std) 	WindowFactory for 'CEGUI/TabControl' windows added. (0xa995b10)
23/07/2011 17:23:15 (Std) 	Created WindowFactory for 'CEGUI/Thumb' windows.
23/07/2011 17:23:15 (Std) 	WindowFactory for 'CEGUI/Thumb' windows added. (0xa9152e0)
23/07/2011 17:23:15 (Std) 	Created WindowFactory for 'CEGUI/Titlebar' windows.
23/07/2011 17:23:15 (Std) 	WindowFactory for 'CEGUI/Titlebar' windows added. (0xacb2c08)
23/07/2011 17:23:15 (Std) 	Created WindowFactory for 'CEGUI/Tooltip' windows.
23/07/2011 17:23:15 (Std) 	WindowFactory for 'CEGUI/Tooltip' windows added. (0xaca3c08)
23/07/2011 17:23:15 (Std) 	Created WindowFactory for 'CEGUI/ItemListbox' windows.
23/07/2011 17:23:15 (Std) 	WindowFactory for 'CEGUI/ItemListbox' windows added. (0xac6c7f8)
23/07/2011 17:23:15 (Std) 	Created WindowFactory for 'CEGUI/GroupBox' windows.
23/07/2011 17:23:15 (Std) 	WindowFactory for 'CEGUI/GroupBox' windows added. (0xa976738)
23/07/2011 17:23:15 (Std) 	Created WindowFactory for 'CEGUI/Tree' windows.
23/07/2011 17:23:15 (Std) 	WindowFactory for 'CEGUI/Tree' windows added. (0xa986000)
23/07/2011 17:23:15 (Std) 	Created WindowFactory for 'HorizontalLayoutContainer' windows.
23/07/2011 17:23:15 (Std) 	WindowFactory for 'HorizontalLayoutContainer' windows added. (0xa973848)
23/07/2011 17:23:15 (Std) 	Created WindowFactory for 'VerticalLayoutContainer' windows.
23/07/2011 17:23:15 (Std) 	WindowFactory for 'VerticalLayoutContainer' windows added. (0xa992c38)
23/07/2011 17:23:15 (Std) 	Created WindowFactory for 'GridLayoutContainer' windows.
23/07/2011 17:23:15 (Std) 	WindowFactory for 'GridLayoutContainer' windows added. (0xacb0548)
23/07/2011 17:23:15 (Std) 	Window type alias named 'DefaultGUISheet' added for window type 'DefaultWindow'.
23/07/2011 17:23:15 (Std) 	CEGUI::System singleton created. (0xa973f50)
23/07/2011 17:23:15 (Std) 	---- CEGUI System initialisation completed ----
23/07/2011 17:23:15 (Std) 	
23/07/2011 17:23:15 (Std) 	Started creation of Scheme from XML specification:
23/07/2011 17:23:15 (Std) 	---- CEGUI GUIScheme name: TaharezLook
23/07/2011 17:23:15 (Std) 	Started creation of Imageset from XML specification:
23/07/2011 17:23:15 (Std) 	---- CEGUI Imageset name: TaharezLook
23/07/2011 17:23:15 (Std) 	---- Source texture file: TaharezLook.tga in resource group: (Default)
23/07/2011 17:23:15 (Std) 	Started creation of Font from XML specification:
23/07/2011 17:23:15 (Std) 	---- CEGUI font name: DejaVuSans-10
23/07/2011 17:23:15 (Std) 	----       Font type: FreeType
23/07/2011 17:23:15 (Std) 	----     Source file: DejaVuSans.ttf in resource group: (Default)
23/07/2011 17:23:15 (Std) 	---- Real point size: 10
23/07/2011 17:23:15 (Std) 	===== Falagard 'root' element: look and feel parsing begins =====
23/07/2011 17:23:15 (Std) 	===== Look and feel parsing completed =====
23/07/2011 17:23:15 (Std) 	No window renderer factories specified for module 'CEGUIFalagardWRBase' - adding all available factories...
23/07/2011 17:23:15 (Std) 	Created WindowRendererFactory for 'Falagard/Button' WindowRenderers.
23/07/2011 17:23:15 (Std) 	WindowRendererFactory 'Falagard/Button' added. (0xb02f458)
23/07/2011 17:23:15 (Std) 	Created WindowRendererFactory for 'Falagard/Default' WindowRenderers.
23/07/2011 17:23:15 (Std) 	WindowRendererFactory 'Falagard/Default' added. (0xafac6a8)
23/07/2011 17:23:15 (Std) 	Created WindowRendererFactory for 'Falagard/Editbox' WindowRenderers.
23/07/2011 17:23:15 (Std) 	WindowRendererFactory 'Falagard/Editbox' added. (0xafacc10)
23/07/2011 17:23:15 (Std) 	Created WindowRendererFactory for 'Falagard/FrameWindow' WindowRenderers.
23/07/2011 17:23:15 (Std) 	WindowRendererFactory 'Falagard/FrameWindow' added. (0xb034470)
23/07/2011 17:23:15 (Std) 	Created WindowRendererFactory for 'Falagard/ItemEntry' WindowRenderers.
23/07/2011 17:23:15 (Std) 	WindowRendererFactory 'Falagard/ItemEntry' added. (0xb037290)
23/07/2011 17:23:15 (Std) 	Created WindowRendererFactory for 'Falagard/ListHeader' WindowRenderers.
23/07/2011 17:23:15 (Std) 	WindowRendererFactory 'Falagard/ListHeader' added. (0xadc42f0)
23/07/2011 17:23:15 (Std) 	Created WindowRendererFactory for 'Falagard/ListHeaderSegment' WindowRenderers.
23/07/2011 17:23:15 (Std) 	WindowRendererFactory 'Falagard/ListHeaderSegment' added. (0xadc4390)
23/07/2011 17:23:15 (Std) 	Created WindowRendererFactory for 'Falagard/Listbox' WindowRenderers.
23/07/2011 17:23:15 (Std) 	WindowRendererFactory 'Falagard/Listbox' added. (0xadc4b40)
23/07/2011 17:23:15 (Std) 	Created WindowRendererFactory for 'Falagard/Menubar' WindowRenderers.
23/07/2011 17:23:15 (Std) 	WindowRendererFactory 'Falagard/Menubar' added. (0xa9509c0)
23/07/2011 17:23:15 (Std) 	Created WindowRendererFactory for 'Falagard/MenuItem' WindowRenderers.
23/07/2011 17:23:15 (Std) 	WindowRendererFactory 'Falagard/MenuItem' added. (0xa94b260)
23/07/2011 17:23:15 (Std) 	Created WindowRendererFactory for 'Falagard/MultiColumnList' WindowRenderers.
23/07/2011 17:23:15 (Std) 	WindowRendererFactory 'Falagard/MultiColumnList' added. (0xadc4be0)
23/07/2011 17:23:15 (Std) 	Created WindowRendererFactory for 'Falagard/MultiLineEditbox' WindowRenderers.
23/07/2011 17:23:15 (Std) 	WindowRendererFactory 'Falagard/MultiLineEditbox' added. (0xb0302e8)
23/07/2011 17:23:15 (Std) 	Created WindowRendererFactory for 'Falagard/PopupMenu' WindowRenderers.
23/07/2011 17:23:15 (Std) 	WindowRendererFactory 'Falagard/PopupMenu' added. (0xafacd38)
23/07/2011 17:23:15 (Std) 	Created WindowRendererFactory for 'Falagard/ProgressBar' WindowRenderers.
23/07/2011 17:23:15 (Std) 	WindowRendererFactory 'Falagard/ProgressBar' added. (0xb056650)
23/07/2011 17:23:15 (Std) 	Created WindowRendererFactory for 'Falagard/ScrollablePane' WindowRenderers.
23/07/2011 17:23:15 (Std) 	WindowRendererFactory 'Falagard/ScrollablePane' added. (0xb0630c8)
23/07/2011 17:23:15 (Std) 	Created WindowRendererFactory for 'Falagard/Scrollbar' WindowRenderers.
23/07/2011 17:23:15 (Std) 	WindowRendererFactory 'Falagard/Scrollbar' added. (0xacb27c8)
23/07/2011 17:23:15 (Std) 	Created WindowRendererFactory for 'Falagard/Slider' WindowRenderers.
23/07/2011 17:23:15 (Std) 	WindowRendererFactory 'Falagard/Slider' added. (0xacb2918)
23/07/2011 17:23:15 (Std) 	Created WindowRendererFactory for 'Falagard/Static' WindowRenderers.
23/07/2011 17:23:15 (Std) 	WindowRendererFactory 'Falagard/Static' added. (0xacb2a68)
23/07/2011 17:23:15 (Std) 	Created WindowRendererFactory for 'Falagard/StaticImage' WindowRenderers.
23/07/2011 17:23:15 (Std) 	WindowRendererFactory 'Falagard/StaticImage' added. (0xacaad10)
23/07/2011 17:23:15 (Std) 	Created WindowRendererFactory for 'Falagard/StaticText' WindowRenderers.
23/07/2011 17:23:15 (Std) 	WindowRendererFactory 'Falagard/StaticText' added. (0xacaae60)
23/07/2011 17:23:15 (Std) 	Created WindowRendererFactory for 'Falagard/SystemButton' WindowRenderers.
23/07/2011 17:23:15 (Std) 	WindowRendererFactory 'Falagard/SystemButton' added. (0xacaafb0)
23/07/2011 17:23:15 (Std) 	Created WindowRendererFactory for 'Falagard/TabButton' WindowRenderers.
23/07/2011 17:23:15 (Std) 	WindowRendererFactory 'Falagard/TabButton' added. (0xacab100)
23/07/2011 17:23:15 (Std) 	Created WindowRendererFactory for 'Falagard/TabControl' WindowRenderers.
23/07/2011 17:23:15 (Std) 	WindowRendererFactory 'Falagard/TabControl' added. (0xacab250)
23/07/2011 17:23:15 (Std) 	Created WindowRendererFactory for 'Falagard/Titlebar' WindowRenderers.
23/07/2011 17:23:15 (Std) 	WindowRendererFactory 'Falagard/Titlebar' added. (0xacab3a0)
23/07/2011 17:23:15 (Std) 	Created WindowRendererFactory for 'Falagard/ToggleButton' WindowRenderers.
23/07/2011 17:23:15 (Std) 	WindowRendererFactory 'Falagard/ToggleButton' added. (0xacab4f0)
23/07/2011 17:23:15 (Std) 	Created WindowRendererFactory for 'Falagard/Tooltip' WindowRenderers.
23/07/2011 17:23:15 (Std) 	WindowRendererFactory 'Falagard/Tooltip' added. (0xacab640)
23/07/2011 17:23:15 (Std) 	Created WindowRendererFactory for 'Falagard/ItemListbox' WindowRenderers.
23/07/2011 17:23:15 (Std) 	WindowRendererFactory 'Falagard/ItemListbox' added. (0xacac450)
23/07/2011 17:23:15 (Std) 	Created WindowRendererFactory for 'Falagard/Tree' WindowRenderers.
23/07/2011 17:23:15 (Std) 	WindowRendererFactory 'Falagard/Tree' added. (0xacac5a0)
23/07/2011 17:23:15 (Std) 	Creating falagard mapping for type 'TaharezLook/Button' using base type 'CEGUI/PushButton', window renderer 'Falagard/Button' Look'N'Feel 'TaharezLook/Button' and RenderEffect ''. (0xbfe0ef0c)
23/07/2011 17:23:15 (Std) 	Creating falagard mapping for type 'TaharezLook/Checkbox' using base type 'CEGUI/Checkbox', window renderer 'Falagard/ToggleButton' Look'N'Feel 'TaharezLook/Checkbox' and RenderEffect ''. (0xbfe0ef0c)
23/07/2011 17:23:15 (Std) 	Creating falagard mapping for type 'TaharezLook/ImageButton' using base type 'CEGUI/PushButton', window renderer 'Falagard/Button' Look'N'Feel 'TaharezLook/ImageButton' and RenderEffect ''. (0xbfe0ef0c)
23/07/2011 17:23:15 (Std) 	Creating falagard mapping for type 'TaharezLook/RadioButton' using base type 'CEGUI/RadioButton', window renderer 'Falagard/ToggleButton' Look'N'Feel 'TaharezLook/RadioButton' and RenderEffect ''. (0xbfe0ef0c)
23/07/2011 17:23:15 (Std) 	Creating falagard mapping for type 'TaharezLook/FrameWindow' using base type 'CEGUI/FrameWindow', window renderer 'Falagard/FrameWindow' Look'N'Feel 'TaharezLook/FrameWindow' and RenderEffect ''. (0xbfe0ef0c)
23/07/2011 17:23:15 (Std) 	Creating falagard mapping for type 'TaharezLook/Titlebar' using base type 'CEGUI/Titlebar', window renderer 'Falagard/Titlebar' Look'N'Feel 'TaharezLook/Titlebar' and RenderEffect ''. (0xbfe0ef0c)
23/07/2011 17:23:15 (Std) 	Creating falagard mapping for type 'TaharezLook/SystemButton' using base type 'CEGUI/PushButton', window renderer 'Falagard/Button' Look'N'Feel 'TaharezLook/Button' and RenderEffect ''. (0xbfe0ef0c)
23/07/2011 17:23:15 (Std) 	Creating falagard mapping for type 'TaharezLook/Editbox' using base type 'CEGUI/Editbox', window renderer 'Falagard/Editbox' Look'N'Feel 'TaharezLook/Editbox' and RenderEffect ''. (0xbfe0ef0c)
23/07/2011 17:23:15 (Std) 	Creating falagard mapping for type 'TaharezLook/MultiLineEditbox' using base type 'CEGUI/MultiLineEditbox', window renderer 'Falagard/MultiLineEditbox' Look'N'Feel 'TaharezLook/MultiLineEditbox' and RenderEffect ''. (0xbfe0ef0c)
23/07/2011 17:23:15 (Std) 	Creating falagard mapping for type 'TaharezLook/Menubar' using base type 'CEGUI/Menubar', window renderer 'Falagard/Menubar' Look'N'Feel 'TaharezLook/Menubar' and RenderEffect ''. (0xbfe0ef0c)
23/07/2011 17:23:15 (Std) 	Creating falagard mapping for type 'TaharezLook/PopupMenu' using base type 'CEGUI/PopupMenu', window renderer 'Falagard/PopupMenu' Look'N'Feel 'TaharezLook/PopupMenu' and RenderEffect ''. (0xbfe0ef0c)
23/07/2011 17:23:15 (Std) 	Creating falagard mapping for type 'TaharezLook/MenuItem' using base type 'CEGUI/MenuItem', window renderer 'Falagard/MenuItem' Look'N'Feel 'TaharezLook/MenuItem' and RenderEffect ''. (0xbfe0ef0c)
23/07/2011 17:23:15 (Std) 	Creating falagard mapping for type 'TaharezLook/AlternateProgressBar' using base type 'CEGUI/ProgressBar', window renderer 'Falagard/ProgressBar' Look'N'Feel 'TaharezLook/AltProgressBar' and RenderEffect ''. (0xbfe0ef0c)
23/07/2011 17:23:15 (Std) 	Creating falagard mapping for type 'TaharezLook/ProgressBar' using base type 'CEGUI/ProgressBar', window renderer 'Falagard/ProgressBar' Look'N'Feel 'TaharezLook/ProgressBar' and RenderEffect ''. (0xbfe0ef0c)
23/07/2011 17:23:15 (Std) 	Creating falagard mapping for type 'TaharezLook/VUMeter' using base type 'CEGUI/ProgressBar', window renderer 'Falagard/ProgressBar' Look'N'Feel 'TaharezLook/VUMeter' and RenderEffect ''. (0xbfe0ef0c)
23/07/2011 17:23:15 (Std) 	Creating falagard mapping for type 'TaharezLook/VerticalScrollbar' using base type 'CEGUI/Scrollbar', window renderer 'Falagard/Scrollbar' Look'N'Feel 'TaharezLook/VerticalScrollbar' and RenderEffect ''. (0xbfe0ef0c)
23/07/2011 17:23:15 (Std) 	Creating falagard mapping for type 'TaharezLook/HorizontalScrollbar' using base type 'CEGUI/Scrollbar', window renderer 'Falagard/Scrollbar' Look'N'Feel 'TaharezLook/HorizontalScrollbar' and RenderEffect ''. (0xbfe0ef0c)
23/07/2011 17:23:15 (Std) 	Creating falagard mapping for type 'TaharezLook/VerticalScrollbarThumb' using base type 'CEGUI/Thumb', window renderer 'Falagard/Button' Look'N'Feel 'TaharezLook/VerticalScrollbarThumb' and RenderEffect ''. (0xbfe0ef0c)
23/07/2011 17:23:15 (Std) 	Creating falagard mapping for type 'TaharezLook/HorizontalScrollbarThumb' using base type 'CEGUI/Thumb', window renderer 'Falagard/Button' Look'N'Feel 'TaharezLook/HorizontalScrollbarThumb' and RenderEffect ''. (0xbfe0ef0c)
23/07/2011 17:23:15 (Std) 	Creating falagard mapping for type 'TaharezLook/LargeVerticalScrollbar' using base type 'CEGUI/Scrollbar', window renderer 'Falagard/Scrollbar' Look'N'Feel 'TaharezLook/LargeVerticalScrollbar' and RenderEffect ''. (0xbfe0ef0c)
23/07/2011 17:23:15 (Std) 	Creating falagard mapping for type 'TaharezLook/LargeVerticalScrollbarThumb' using base type 'CEGUI/Thumb', window renderer 'Falagard/Button' Look'N'Feel 'TaharezLook/LargeVerticalScrollbarThumb' and RenderEffect ''. (0xbfe0ef0c)
23/07/2011 17:23:15 (Std) 	Creating falagard mapping for type 'TaharezLook/TabButton' using base type 'CEGUI/TabButton', window renderer 'Falagard/TabButton' Look'N'Feel 'TaharezLook/TabButton' and RenderEffect ''. (0xbfe0ef0c)
23/07/2011 17:23:15 (Std) 	Creating falagard mapping for type 'TaharezLook/TabControl' using base type 'CEGUI/TabControl', window renderer 'Falagard/TabControl' Look'N'Feel 'TaharezLook/TabControl' and RenderEffect ''. (0xbfe0ef0c)
23/07/2011 17:23:15 (Std) 	Creating falagard mapping for type 'TaharezLook/TabContentPane' using base type 'DefaultWindow', window renderer 'Falagard/Default' Look'N'Feel 'TaharezLook/TabContentPane' and RenderEffect ''. (0xbfe0ef0c)
23/07/2011 17:23:15 (Std) 	Creating falagard mapping for type 'TaharezLook/TabButtonPane' using base type 'DefaultWindow', window renderer 'Falagard/Default' Look'N'Feel 'TaharezLook/TabButtonPane' and RenderEffect ''. (0xbfe0ef0c)
23/07/2011 17:23:15 (Std) 	Creating falagard mapping for type 'TaharezLook/ComboDropList' using base type 'CEGUI/ComboDropList', window renderer 'Falagard/Listbox' Look'N'Feel 'TaharezLook/ComboDropList' and RenderEffect ''. (0xbfe0ef0c)
23/07/2011 17:23:15 (Std) 	Creating falagard mapping for type 'TaharezLook/ComboEditbox' using base type 'CEGUI/Editbox', window renderer 'Falagard/Editbox' Look'N'Feel 'TaharezLook/ComboEditbox' and RenderEffect ''. (0xbfe0ef0c)
23/07/2011 17:23:15 (Std) 	Creating falagard mapping for type 'TaharezLook/Combobox' using base type 'CEGUI/Combobox', window renderer 'Falagard/Default' Look'N'Feel 'TaharezLook/Combobox' and RenderEffect ''. (0xbfe0ef0c)
23/07/2011 17:23:15 (Std) 	Creating falagard mapping for type 'TaharezLook/Listbox' using base type 'CEGUI/Listbox', window renderer 'Falagard/Listbox' Look'N'Feel 'TaharezLook/Listbox' and RenderEffect ''. (0xbfe0ef0c)
23/07/2011 17:23:15 (Std) 	Creating falagard mapping for type 'TaharezLook/ListHeader' using base type 'CEGUI/ListHeader', window renderer 'Falagard/ListHeader' Look'N'Feel 'TaharezLook/ListHeader' and RenderEffect ''. (0xbfe0ef0c)
23/07/2011 17:23:15 (Std) 	Creating falagard mapping for type 'TaharezLook/ListHeaderSegment' using base type 'CEGUI/ListHeaderSegment', window renderer 'Falagard/ListHeaderSegment' Look'N'Feel 'TaharezLook/ListHeaderSegment' and RenderEffect ''. (0xbfe0ef0c)
23/07/2011 17:23:15 (Std) 	Creating falagard mapping for type 'TaharezLook/MultiColumnList' using base type 'CEGUI/MultiColumnList', window renderer 'Falagard/MultiColumnList' Look'N'Feel 'TaharezLook/MultiColumnList' and RenderEffect ''. (0xbfe0ef0c)
23/07/2011 17:23:15 (Std) 	Creating falagard mapping for type 'TaharezLook/Slider' using base type 'CEGUI/Slider', window renderer 'Falagard/Slider' Look'N'Feel 'TaharezLook/Slider' and RenderEffect ''. (0xbfe0ef0c)
23/07/2011 17:23:15 (Std) 	Creating falagard mapping for type 'TaharezLook/SliderThumb' using base type 'CEGUI/Thumb', window renderer 'Falagard/Button' Look'N'Feel 'TaharezLook/SliderThumb' and RenderEffect ''. (0xbfe0ef0c)
23/07/2011 17:23:15 (Std) 	Creating falagard mapping for type 'TaharezLook/ScrollablePane' using base type 'CEGUI/ScrollablePane', window renderer 'Falagard/ScrollablePane' Look'N'Feel 'TaharezLook/ScrollablePane' and RenderEffect ''. (0xbfe0ef0c)
23/07/2011 17:23:15 (Std) 	Creating falagard mapping for type 'TaharezLook/Spinner' using base type 'CEGUI/Spinner', window renderer 'Falagard/Default' Look'N'Feel 'TaharezLook/Spinner' and RenderEffect ''. (0xbfe0ef0c)
23/07/2011 17:23:15 (Std) 	Creating falagard mapping for type 'TaharezLook/Tooltip' using base type 'CEGUI/Tooltip', window renderer 'Falagard/Tooltip' Look'N'Feel 'TaharezLook/Tooltip' and RenderEffect ''. (0xbfe0ef0c)
23/07/2011 17:23:15 (Std) 	Creating falagard mapping for type 'TaharezLook/StaticImage' using base type 'DefaultWindow', window renderer 'Falagard/StaticImage' Look'N'Feel 'TaharezLook/StaticImage' and RenderEffect ''. (0xbfe0ef0c)
23/07/2011 17:23:15 (Std) 	Creating falagard mapping for type 'TaharezLook/StaticText' using base type 'DefaultWindow', window renderer 'Falagard/StaticText' Look'N'Feel 'TaharezLook/StaticText' and RenderEffect ''. (0xbfe0ef0c)
23/07/2011 17:23:15 (Std) 	Creating falagard mapping for type 'TaharezLook/ItemListbox' using base type 'CEGUI/ItemListbox', window renderer 'Falagard/ItemListbox' Look'N'Feel 'TaharezLook/ItemListbox' and RenderEffect ''. (0xbfe0ef0c)
23/07/2011 17:23:15 (Std) 	Creating falagard mapping for type 'TaharezLook/ListboxItem' using base type 'CEGUI/ItemEntry', window renderer 'Falagard/ItemEntry' Look'N'Feel 'TaharezLook/ListboxItem' and RenderEffect ''. (0xbfe0ef0c)
23/07/2011 17:23:15 (Std) 	Creating falagard mapping for type 'TaharezLook/GroupBox' using base type 'CEGUI/GroupBox', window renderer 'Falagard/Default' Look'N'Feel 'TaharezLook/GroupBox' and RenderEffect ''. (0xbfe0ef0c)
23/07/2011 17:23:15 (Std) 	Creating falagard mapping for type 'TaharezLook/Tree' using base type 'CEGUI/Tree', window renderer 'Falagard/Tree' Look'N'Feel 'TaharezLook/Tree' and RenderEffect ''. (0xbfe0ef0c)
23/07/2011 17:23:15 (Std) 	Attempting to create Imageset 'RTTImageset' with texture only.
23/07/2011 17:23:15 (Std) 	Attempting to create Imageset 'DejaVuSans-10_auto_glyph_images_ ' with texture only.
23/07/2011 17:23:21 (Std) 	---- Begining CEGUI System destruction ----
23/07/2011 17:23:21 (Std) 	WindowFactory for 'CEGUI/Tree' windows removed. (0xa986000)
23/07/2011 17:23:21 (Std) 	Deleted WindowFactory for 'CEGUI/Tree' windows.
23/07/2011 17:23:21 (Std) 	WindowFactory for 'CEGUI/Thumb' windows removed. (0xa9152e0)
23/07/2011 17:23:21 (Std) 	Deleted WindowFactory for 'CEGUI/Thumb' windows.
23/07/2011 17:23:21 (Std) 	WindowFactory for 'CEGUI/Slider' windows removed. (0xaca03c8)
23/07/2011 17:23:21 (Std) 	Deleted WindowFactory for 'CEGUI/Slider' windows.
23/07/2011 17:23:21 (Std) 	WindowFactory for 'CEGUI/Editbox' windows removed. (0xa9771d8)
23/07/2011 17:23:21 (Std) 	Deleted WindowFactory for 'CEGUI/Editbox' windows.
23/07/2011 17:23:21 (Std) 	WindowFactory for 'CEGUI/Listbox' windows removed. (0xa971ff8)
23/07/2011 17:23:21 (Std) 	Deleted WindowFactory for 'CEGUI/Listbox' windows.
23/07/2011 17:23:21 (Std) 	WindowFactory for 'CEGUI/Menubar' windows removed. (0xa9750d8)
23/07/2011 17:23:21 (Std) 	Deleted WindowFactory for 'CEGUI/Menubar' windows.
23/07/2011 17:23:21 (Std) 	WindowFactory for 'CEGUI/Spinner' windows removed. (0xa998460)
23/07/2011 17:23:21 (Std) 	Deleted WindowFactory for 'CEGUI/Spinner' windows.
23/07/2011 17:23:21 (Std) 	WindowFactory for 'CEGUI/Tooltip' windows removed. (0xaca3c08)
23/07/2011 17:23:21 (Std) 	Deleted WindowFactory for 'CEGUI/Tooltip' windows.
23/07/2011 17:23:21 (Std) 	WindowFactory for 'DefaultWindow' windows removed. (0xaca0ff0)
23/07/2011 17:23:21 (Std) 	Deleted WindowFactory for 'DefaultWindow' windows.
23/07/2011 17:23:21 (Std) 	WindowFactory for 'DragContainer' windows removed. (0xa995678)
23/07/2011 17:23:21 (Std) 	Deleted WindowFactory for 'DragContainer' windows.
23/07/2011 17:23:21 (Std) 	WindowFactory for 'CEGUI/Checkbox' windows removed. (0xad97f50)
23/07/2011 17:23:21 (Std) 	Deleted WindowFactory for 'CEGUI/Checkbox' windows.
23/07/2011 17:23:21 (Std) 	WindowFactory for 'CEGUI/Combobox' windows removed. (0xa995ca0)
23/07/2011 17:23:21 (Std) 	Deleted WindowFactory for 'CEGUI/Combobox' windows.
23/07/2011 17:23:21 (Std) 	WindowFactory for 'CEGUI/GroupBox' windows removed. (0xa976738)
23/07/2011 17:23:21 (Std) 	Deleted WindowFactory for 'CEGUI/GroupBox' windows.
23/07/2011 17:23:21 (Std) 	WindowFactory for 'CEGUI/MenuItem' windows removed. (0xa95b300)
23/07/2011 17:23:21 (Std) 	Deleted WindowFactory for 'CEGUI/MenuItem' windows.
23/07/2011 17:23:21 (Std) 	WindowFactory for 'CEGUI/Titlebar' windows removed. (0xacb2c08)
23/07/2011 17:23:21 (Std) 	Deleted WindowFactory for 'CEGUI/Titlebar' windows.
23/07/2011 17:23:21 (Std) 	WindowFactory for 'CEGUI/ItemEntry' windows removed. (0x9ffb518)
23/07/2011 17:23:21 (Std) 	Deleted WindowFactory for 'CEGUI/ItemEntry' windows.
23/07/2011 17:23:21 (Std) 	WindowFactory for 'CEGUI/PopupMenu' windows removed. (0xa94f0c0)
23/07/2011 17:23:21 (Std) 	Deleted WindowFactory for 'CEGUI/PopupMenu' windows.
23/07/2011 17:23:21 (Std) 	WindowFactory for 'CEGUI/Scrollbar' windows removed. (0xa977570)
23/07/2011 17:23:21 (Std) 	Deleted WindowFactory for 'CEGUI/Scrollbar' windows.
23/07/2011 17:23:21 (Std) 	WindowFactory for 'CEGUI/TabButton' windows removed. (0xa961380)
23/07/2011 17:23:21 (Std) 	Deleted WindowFactory for 'CEGUI/TabButton' windows.
23/07/2011 17:23:21 (Std) 	WindowFactory for 'CEGUI/ListHeader' windows removed. (0xab37978)
23/07/2011 17:23:21 (Std) 	Deleted WindowFactory for 'CEGUI/ListHeader' windows.
23/07/2011 17:23:21 (Std) 	WindowFactory for 'CEGUI/PushButton' windows removed. (0xa9abf68)
23/07/2011 17:23:21 (Std) 	Deleted WindowFactory for 'CEGUI/PushButton' windows.
23/07/2011 17:23:21 (Std) 	WindowFactory for 'CEGUI/TabControl' windows removed. (0xa995b10)
23/07/2011 17:23:21 (Std) 	Deleted WindowFactory for 'CEGUI/TabControl' windows.
23/07/2011 17:23:21 (Std) 	WindowFactory for 'ClippedContainer' windows removed. (0xada09c0)
23/07/2011 17:23:21 (Std) 	Deleted WindowFactory for 'ClippedContainer' windows.
23/07/2011 17:23:21 (Std) 	WindowFactory for 'CEGUI/FrameWindow' windows removed. (0xa9169a0)
23/07/2011 17:23:21 (Std) 	Deleted WindowFactory for 'CEGUI/FrameWindow' windows.
23/07/2011 17:23:21 (Std) 	WindowFactory for 'CEGUI/ItemListbox' windows removed. (0xac6c7f8)
23/07/2011 17:23:21 (Std) 	Deleted WindowFactory for 'CEGUI/ItemListbox' windows.
23/07/2011 17:23:21 (Std) 	WindowFactory for 'CEGUI/ProgressBar' windows removed. (0xa972868)
23/07/2011 17:23:21 (Std) 	Deleted WindowFactory for 'CEGUI/ProgressBar' windows.
23/07/2011 17:23:21 (Std) 	WindowFactory for 'CEGUI/RadioButton' windows removed. (0xa981098)
23/07/2011 17:23:21 (Std) 	Deleted WindowFactory for 'CEGUI/RadioButton' windows.
23/07/2011 17:23:21 (Std) 	WindowFactory for 'ScrolledContainer' windows removed. (0xad45ae0)
23/07/2011 17:23:21 (Std) 	Deleted WindowFactory for 'ScrolledContainer' windows.
23/07/2011 17:23:21 (Std) 	WindowFactory for 'CEGUI/ComboDropList' windows removed. (0xa960a90)
23/07/2011 17:23:21 (Std) 	Deleted WindowFactory for 'CEGUI/ComboDropList' windows.
23/07/2011 17:23:21 (Std) 	WindowFactory for 'GridLayoutContainer' windows removed. (0xacb0548)
23/07/2011 17:23:21 (Std) 	Deleted WindowFactory for 'GridLayoutContainer' windows.
23/07/2011 17:23:21 (Std) 	WindowFactory for 'CEGUI/ScrollablePane' windows removed. (0xa9abda8)
23/07/2011 17:23:21 (Std) 	Deleted WindowFactory for 'CEGUI/ScrollablePane' windows.
23/07/2011 17:23:21 (Std) 	WindowFactory for 'CEGUI/MultiColumnList' windows removed. (0xa9a27c8)
23/07/2011 17:23:21 (Std) 	Deleted WindowFactory for 'CEGUI/MultiColumnList' windows.
23/07/2011 17:23:21 (Std) 	WindowFactory for 'CEGUI/MultiLineEditbox' windows removed. (0xa960d48)
23/07/2011 17:23:21 (Std) 	Deleted WindowFactory for 'CEGUI/MultiLineEditbox' windows.
23/07/2011 17:23:21 (Std) 	WindowFactory for 'CEGUI/ListHeaderSegment' windows removed. (0xa952220)
23/07/2011 17:23:21 (Std) 	Deleted WindowFactory for 'CEGUI/ListHeaderSegment' windows.
23/07/2011 17:23:21 (Std) 	WindowFactory for 'VerticalLayoutContainer' windows removed. (0xa992c38)
23/07/2011 17:23:21 (Std) 	Deleted WindowFactory for 'VerticalLayoutContainer' windows.
23/07/2011 17:23:21 (Std) 	WindowFactory for 'HorizontalLayoutContainer' windows removed. (0xa973848)
23/07/2011 17:23:21 (Std) 	Deleted WindowFactory for 'HorizontalLayoutContainer' windows.
23/07/2011 17:23:21 (Std) 	---- Begining cleanup of GUI Scheme system ----
23/07/2011 17:23:21 (Std) 	WindowRendererFactory for 'Falagard/Button' WindowRenderers removed. (0xb02f458)
23/07/2011 17:23:21 (Std) 	Deleted WindowRendererFactory for 'Falagard/Button' WindowRenderers.
23/07/2011 17:23:21 (Std) 	WindowRendererFactory for 'Falagard/Default' WindowRenderers removed. (0xafac6a8)
23/07/2011 17:23:21 (Std) 	Deleted WindowRendererFactory for 'Falagard/Default' WindowRenderers.
23/07/2011 17:23:21 (Std) 	WindowRendererFactory for 'Falagard/Editbox' WindowRenderers removed. (0xafacc10)
23/07/2011 17:23:21 (Std) 	Deleted WindowRendererFactory for 'Falagard/Editbox' WindowRenderers.
23/07/2011 17:23:21 (Std) 	WindowRendererFactory for 'Falagard/FrameWindow' WindowRenderers removed. (0xb034470)
23/07/2011 17:23:21 (Std) 	Deleted WindowRendererFactory for 'Falagard/FrameWindow' WindowRenderers.
23/07/2011 17:23:21 (Std) 	WindowRendererFactory for 'Falagard/ItemEntry' WindowRenderers removed. (0xb037290)
23/07/2011 17:23:21 (Std) 	Deleted WindowRendererFactory for 'Falagard/ItemEntry' WindowRenderers.
23/07/2011 17:23:21 (Std) 	WindowRendererFactory for 'Falagard/ListHeader' WindowRenderers removed. (0xadc42f0)
23/07/2011 17:23:21 (Std) 	Deleted WindowRendererFactory for 'Falagard/ListHeader' WindowRenderers.
23/07/2011 17:23:21 (Std) 	WindowRendererFactory for 'Falagard/ListHeaderSegment' WindowRenderers removed. (0xadc4390)
23/07/2011 17:23:21 (Std) 	Deleted WindowRendererFactory for 'Falagard/ListHeaderSegment' WindowRenderers.
23/07/2011 17:23:21 (Std) 	WindowRendererFactory for 'Falagard/Listbox' WindowRenderers removed. (0xadc4b40)
23/07/2011 17:23:21 (Std) 	Deleted WindowRendererFactory for 'Falagard/Listbox' WindowRenderers.
23/07/2011 17:23:21 (Std) 	WindowRendererFactory for 'Falagard/Menubar' WindowRenderers removed. (0xa9509c0)
23/07/2011 17:23:21 (Std) 	Deleted WindowRendererFactory for 'Falagard/Menubar' WindowRenderers.
23/07/2011 17:23:21 (Std) 	WindowRendererFactory for 'Falagard/MenuItem' WindowRenderers removed. (0xa94b260)
23/07/2011 17:23:21 (Std) 	Deleted WindowRendererFactory for 'Falagard/MenuItem' WindowRenderers.
23/07/2011 17:23:21 (Std) 	WindowRendererFactory for 'Falagard/MultiColumnList' WindowRenderers removed. (0xadc4be0)
23/07/2011 17:23:21 (Std) 	Deleted WindowRendererFactory for 'Falagard/MultiColumnList' WindowRenderers.
23/07/2011 17:23:21 (Std) 	WindowRendererFactory for 'Falagard/MultiLineEditbox' WindowRenderers removed. (0xb0302e8)
23/07/2011 17:23:21 (Std) 	Deleted WindowRendererFactory for 'Falagard/MultiLineEditbox' WindowRenderers.
23/07/2011 17:23:21 (Std) 	WindowRendererFactory for 'Falagard/PopupMenu' WindowRenderers removed. (0xafacd38)
23/07/2011 17:23:21 (Std) 	Deleted WindowRendererFactory for 'Falagard/PopupMenu' WindowRenderers.
23/07/2011 17:23:21 (Std) 	WindowRendererFactory for 'Falagard/ProgressBar' WindowRenderers removed. (0xb056650)
23/07/2011 17:23:21 (Std) 	Deleted WindowRendererFactory for 'Falagard/ProgressBar' WindowRenderers.
23/07/2011 17:23:21 (Std) 	WindowRendererFactory for 'Falagard/ScrollablePane' WindowRenderers removed. (0xb0630c8)
23/07/2011 17:23:21 (Std) 	Deleted WindowRendererFactory for 'Falagard/ScrollablePane' WindowRenderers.
23/07/2011 17:23:21 (Std) 	WindowRendererFactory for 'Falagard/Scrollbar' WindowRenderers removed. (0xacb27c8)
23/07/2011 17:23:21 (Std) 	Deleted WindowRendererFactory for 'Falagard/Scrollbar' WindowRenderers.
23/07/2011 17:23:21 (Std) 	WindowRendererFactory for 'Falagard/Slider' WindowRenderers removed. (0xacb2918)
23/07/2011 17:23:21 (Std) 	Deleted WindowRendererFactory for 'Falagard/Slider' WindowRenderers.
23/07/2011 17:23:21 (Std) 	WindowRendererFactory for 'Falagard/Static' WindowRenderers removed. (0xacb2a68)
23/07/2011 17:23:21 (Std) 	Deleted WindowRendererFactory for 'Falagard/Static' WindowRenderers.
23/07/2011 17:23:21 (Std) 	WindowRendererFactory for 'Falagard/StaticImage' WindowRenderers removed. (0xacaad10)
23/07/2011 17:23:21 (Std) 	Deleted WindowRendererFactory for 'Falagard/StaticImage' WindowRenderers.
23/07/2011 17:23:21 (Std) 	WindowRendererFactory for 'Falagard/StaticText' WindowRenderers removed. (0xacaae60)
23/07/2011 17:23:21 (Std) 	Deleted WindowRendererFactory for 'Falagard/StaticText' WindowRenderers.
23/07/2011 17:23:21 (Std) 	WindowRendererFactory for 'Falagard/SystemButton' WindowRenderers removed. (0xacaafb0)
23/07/2011 17:23:21 (Std) 	Deleted WindowRendererFactory for 'Falagard/SystemButton' WindowRenderers.
23/07/2011 17:23:21 (Std) 	WindowRendererFactory for 'Falagard/TabButton' WindowRenderers removed. (0xacab100)
23/07/2011 17:23:21 (Std) 	Deleted WindowRendererFactory for 'Falagard/TabButton' WindowRenderers.
23/07/2011 17:23:21 (Std) 	WindowRendererFactory for 'Falagard/TabControl' WindowRenderers removed. (0xacab250)
23/07/2011 17:23:21 (Std) 	Deleted WindowRendererFactory for 'Falagard/TabControl' WindowRenderers.
23/07/2011 17:23:21 (Std) 	WindowRendererFactory for 'Falagard/Titlebar' WindowRenderers removed. (0xacab3a0)
23/07/2011 17:23:21 (Std) 	Deleted WindowRendererFactory for 'Falagard/Titlebar' WindowRenderers.
23/07/2011 17:23:21 (Std) 	WindowRendererFactory for 'Falagard/ToggleButton' WindowRenderers removed. (0xacab4f0)
23/07/2011 17:23:21 (Std) 	Deleted WindowRendererFactory for 'Falagard/ToggleButton' WindowRenderers.
23/07/2011 17:23:21 (Std) 	WindowRendererFactory for 'Falagard/Tooltip' WindowRenderers removed. (0xacab640)
23/07/2011 17:23:21 (Std) 	Deleted WindowRendererFactory for 'Falagard/Tooltip' WindowRenderers.
23/07/2011 17:23:21 (Std) 	WindowRendererFactory for 'Falagard/ItemListbox' WindowRenderers removed. (0xacac450)
23/07/2011 17:23:21 (Std) 	Deleted WindowRendererFactory for 'Falagard/ItemListbox' WindowRenderers.
23/07/2011 17:23:21 (Std) 	WindowRendererFactory for 'Falagard/Tree' WindowRenderers removed. (0xacac5a0)
23/07/2011 17:23:21 (Std) 	Deleted WindowRendererFactory for 'Falagard/Tree' WindowRenderers.
23/07/2011 17:23:21 (Std) 	CEGUI::SchemeManager singleton destroyed. (0xa970e08)
23/07/2011 17:23:21 (Std) 	CEGUI::WindowManager singleton destroyed (0xa96e590)
23/07/2011 17:23:21 (Std) 	CEGUI::WindowFactoryManager singleton destroyed
23/07/2011 17:23:21 (Std) 	CEGUI::WidgetLookManager singleton destroyed. (0xa949068)
23/07/2011 17:23:21 (Std) 	CEGUI::WindowRendererManager singleton destroyed (0xa960c38)
23/07/2011 17:23:21 (Std) 	CEGUI::AnimationManager singleton destroyed (0xa9955f0)
23/07/2011 17:23:21 (Std) 	CEGUI::RenderEffectManager singleton destroyed (0x9a94198)
23/07/2011 17:23:21 (Std) 	---- Begining cleanup of Font system ----
23/07/2011 17:23:21 (Std) 	CEGUI::FontManager singleton destroyed. (0xada4978)
23/07/2011 17:23:21 (Std) 	CEGUI::MouseCursor singleton destroyed. (0xac6ca00)
23/07/2011 17:23:21 (Std) 	---- Begining cleanup of Imageset system ----
23/07/2011 17:23:21 (Std) 	CEGUI::ImagesetManager singleton destroyed (0xa9bae80)
23/07/2011 17:23:21 (Std) 	CEGUI::GlobalEventSet singleton destroyed. (0xa991d40)
23/07/2011 17:23:21 (Std) 	CEGUI::System singleton destroyed. (0xa973f50)
23/07/2011 17:23:21 (Std) 	---- CEGUI System destruction completed ----
23/07/2011 17:23:21 (Std) 	CEGUI::Logger singleton destroyed. (0xacb1c00)
