09:51:39: Creating resource group General
09:51:39: Creating resource group Internal
09:51:39: Creating resource group Autodetect
09:51:39: SceneManagerFactory for type 'DefaultSceneManager' registered.
09:51:39: Registering ResourceManager for type Material
09:51:39: Registering ResourceManager for type Mesh
09:51:39: Registering ResourceManager for type Skeleton
09:51:39: MovableObjectFactory for type 'ParticleSystem' registered.
09:51:39: OverlayElementFactory for type Panel registered.
09:51:39: OverlayElementFactory for type BorderPanel registered.
09:51:39: OverlayElementFactory for type TextArea registered.
09:51:39: Registering ResourceManager for type Font
09:51:39: ArchiveFactory for archive type FileSystem registered.
09:51:39: ArchiveFactory for archive type Zip registered.
09:51:39: DDS codec registering
09:51:39: FreeImage version: 3.15.0
09:51:39: This program uses FreeImage, a free, open source image library supporting all common bitmap formats. See http://freeimage.sourceforge.net for details
09:51:39: Supported formats: bmp,ico,jpg,jif,jpeg,jpe,jng,koa,iff,lbm,mng,pbm,pbm,pcd,pcx,pgm,pgm,png,ppm,ppm,ras,tga,targa,tif,tiff,wap,wbmp,wbm,psd,cut,xbm,xpm,gif,hdr,g3,sgi,exr,j2k,j2c,jp2,pfm,pct,pict,pic,3fr,arw,bay,bmq,cap,cine,cr2,crw,cs1,dc2,dcr,drf,dsc,dng,erf,fff,ia,iiq,k25,kc2,kdc,mdc,mef,mos,mrw,nef,nrw,orf,pef,ptx,pxn,qtk,raf,raw,rdc,rw2,rwl,rwz,sr2,srf,sti
09:51:39: Registering ResourceManager for type HighLevelGpuProgram
09:51:39: Registering ResourceManager for type Compositor
09:51:39: MovableObjectFactory for type 'Entity' registered.
09:51:39: MovableObjectFactory for type 'Light' registered.
09:51:39: MovableObjectFactory for type 'BillboardSet' registered.
09:51:39: MovableObjectFactory for type 'ManualObject' registered.
09:51:39: MovableObjectFactory for type 'BillboardChain' registered.
09:51:39: MovableObjectFactory for type 'RibbonTrail' registered.
09:51:39: Loading library /usr/lib/OGRE/RenderSystem_GL
09:51:39: Installing plugin: GL RenderSystem
09:51:39: OpenGL Rendering Subsystem created.
09:51:39: Plugin successfully installed
09:51:39: Loading library /usr/lib/OGRE/Plugin_ParticleFX
09:51:39: Installing plugin: ParticleFX
09:51:39: Particle Emitter Type 'Point' registered
09:51:39: Particle Emitter Type 'Box' registered
09:51:39: Particle Emitter Type 'Ellipsoid' registered
09:51:39: Particle Emitter Type 'Cylinder' registered
09:51:39: Particle Emitter Type 'Ring' registered
09:51:39: Particle Emitter Type 'HollowEllipsoid' registered
09:51:39: Particle Affector Type 'LinearForce' registered
09:51:39: Particle Affector Type 'ColourFader' registered
09:51:39: Particle Affector Type 'ColourFader2' registered
09:51:39: Particle Affector Type 'ColourImage' registered
09:51:39: Particle Affector Type 'ColourInterpolator' registered
09:51:39: Particle Affector Type 'Scaler' registered
09:51:39: Particle Affector Type 'Rotator' registered
09:51:39: Particle Affector Type 'DirectionRandomiser' registered
09:51:39: Particle Affector Type 'DeflectorPlane' registered
09:51:39: Plugin successfully installed
09:51:39: Loading library /usr/lib/OGRE/Plugin_BSPSceneManager
09:51:39: Installing plugin: BSP Scene Manager
09:51:39: Plugin successfully installed
09:51:39: Loading library /usr/lib/OGRE/Plugin_CgProgramManager
09:51:40: Installing plugin: Cg Program Manager
09:51:40: Plugin successfully installed
09:51:40: Loading library /usr/lib/OGRE/Plugin_PCZSceneManager
09:51:40: Installing plugin: Portal Connected Zone Scene Manager
09:51:40: PCZone Factory Type 'ZoneType_Default' registered
09:51:40: Plugin successfully installed
09:51:40: Loading library /usr/lib/OGRE/Plugin_OctreeZone
09:51:40: Installing plugin: Octree Zone Factory
09:51:40: Plugin successfully installed
09:51:40: Loading library /usr/lib/OGRE/Plugin_OctreeSceneManager
09:51:40: Installing plugin: Octree & Terrain Scene Manager
09:51:40: Plugin successfully installed
09:51:40: *-*-* OGRE Initialising
09:51:40: *-*-* Version 1.7.3 (Cthugha)
09:51:40: Creating resource group Essential
09:51:40: Added resource location '/usr/share/ogre/Media/packs/SdkTrays.zip' of type 'Zip' to resource group 'Essential'
09:51:40: Added resource location '/usr/share/ogre/Media/packs/OgreCore.zip' of type 'Zip' to resource group 'Essential'
09:51:40: Creating resource group Fonts
09:51:40: Added resource location '/usr/local/share/CEGUI/fonts' of type 'FileSystem' to resource group 'Fonts'
09:51:40: Added resource location '/usr/share/ogre/Media' of type 'FileSystem' to resource group 'General'
09:51:40: Added resource location '/usr/share/ogre/Media/materials/scripts' of type 'FileSystem' to resource group 'General'
09:51:40: Added resource location '/usr/share/ogre/Media/materials/textures' of type 'FileSystem' to resource group 'General'
09:51:40: Added resource location '/usr/share/ogre/Media/materials/programs' of type 'FileSystem' to resource group 'General'
09:51:40: Added resource location '/usr/share/ogre/Media/models' of type 'FileSystem' to resource group 'General'
09:51:40: Added resource location '/usr/share/ogre/media-overlay' of type 'FileSystem' to resource group 'General'
09:51:40: Creating resource group Imagesets
09:51:40: Added resource location '/usr/local/share/CEGUI/imagesets' of type 'FileSystem' to resource group 'Imagesets'
09:51:40: Creating resource group Layouts
09:51:40: Added resource location '/usr/local/share/CEGUI/layouts' of type 'FileSystem' to resource group 'Layouts'
09:51:40: Creating resource group LookNFeel
09:51:40: Added resource location '/usr/local/share/CEGUI/looknfeel' of type 'FileSystem' to resource group 'LookNFeel'
09:51:40: Creating resource group Schemes
09:51:40: Added resource location '/usr/local/share/CEGUI/schemes' of type 'FileSystem' to resource group 'Schemes'
09:51:42: CPU Identifier & Features
09:51:42: -------------------------
09:51:42:  *   CPU ID: AuthenticAMD: AMD Turion(tm) II P540 Dual-Core Processor
09:51:42:  *      SSE: yes
09:51:42:  *     SSE2: yes
09:51:42:  *     SSE3: yes
09:51:42:  *      MMX: yes
09:51:42:  *   MMXEXT: yes
09:51:42:  *    3DNOW: yes
09:51:42:  * 3DNOWEXT: yes
09:51:42:  *     CMOV: yes
09:51:42:  *      TSC: yes
09:51:42:  *      FPU: yes
09:51:42:  *      PRO: yes
09:51:42:  *       HT: no
09:51:42: -------------------------
09:51:42: ******************************
*** Starting GLX Subsystem ***
******************************
09:51:42: GLRenderSystem::_createRenderWindow "TutorialApplication Render Window", 640x480 windowed  miscParams: FSAA=4 displayFrequency=60 MHz gamma=Yes vsync=Yes 
09:51:42: GLXWindow::create used FBConfigID = 55
09:51:42: GL_VERSION = 4.1.10665 Compatibility Profile Context
09:51:42: GL_VENDOR = ATI Technologies Inc.
09:51:42: GL_RENDERER = ATI Mobility Radeon HD 5000 Series
09:51:42: GL_EXTENSIONS = GL_AMDX_debug_output GL_AMDX_vertex_shader_tessellator GL_AMD_conservative_depth GL_AMD_debug_output GL_AMD_depth_clamp_separate GL_AMD_draw_buffers_blend GL_AMD_name_gen_delete GL_AMD_performance_monitor GL_AMD_sample_positions GL_AMD_seamless_cubemap_per_texture GL_AMD_shader_stencil_export GL_AMD_shader_trace GL_AMD_texture_cube_map_array GL_AMD_texture_texture4 GL_AMD_transform_feedback3_lines_triangles GL_AMD_vertex_shader_tessellator GL_ARB_ES2_compatibility GL_ARB_blend_func_extended GL_ARB_color_buffer_float GL_ARB_copy_buffer GL_ARB_depth_buffer_float GL_ARB_depth_clamp GL_ARB_depth_texture GL_ARB_draw_buffers GL_ARB_draw_buffers_blend GL_ARB_draw_elements_base_vertex GL_ARB_draw_indirect GL_ARB_draw_instanced GL_ARB_explicit_attrib_location GL_ARB_fragment_coord_conventions GL_ARB_fragment_program GL_ARB_fragment_program_shadow GL_ARB_fragment_shader GL_ARB_framebuffer_object GL_ARB_framebuffer_sRGB GL_ARB_geometry_shader4 GL_ARB_get_program_binary GL_ARB_gpu_shader5 GL_ARB_gpu_shader_fp64 GL_ARB_half_float_pixel GL_ARB_half_float_vertex GL_ARB_imaging GL_ARB_instanced_arrays GL_ARB_map_buffer_range GL_ARB_multisample GL_ARB_multitexture GL_ARB_occlusion_query GL_ARB_occlusion_query2 GL_ARB_pixel_buffer_object GL_ARB_point_parameters GL_ARB_point_sprite GL_ARB_provoking_vertex GL_ARB_sample_shading GL_ARB_sampler_objects GL_ARB_seamless_cube_map GL_ARB_separate_shader_objects GL_ARB_shader_bit_encoding GL_ARB_shader_objects GL_ARB_shader_precision GL_ARB_shader_stencil_export GL_ARB_shader_subroutine GL_ARB_shader_texture_lod GL_ARB_shading_language_100 GL_ARB_shadow GL_ARB_shadow_ambient GL_ARB_sync GL_ARB_tessellation_shader GL_ARB_texture_border_clamp GL_ARB_texture_buffer_object GL_ARB_texture_buffer_object_rgb32 GL_ARB_texture_compression GL_ARB_texture_compression_bptc GL_ARB_texture_compression_rgtc GL_ARB_texture_cube_map GL_ARB_texture_cube_map_array GL_ARB_texture_env_add GL_ARB_texture_env_combine GL_ARB_texture_env_crossbar GL_ARB_texture_env_dot3 GL_ARB_texture_float GL_ARB_texture_gather GL_ARB_texture_mirrored_repeat GL_ARB_texture_multisample GL_ARB_texture_non_power_of_two GL_ARB_texture_query_lod GL_ARB_texture_rectangle GL_ARB_texture_rg GL_ARB_texture_rgb10_a2ui GL_ARB_texture_snorm GL_ARB_timer_query GL_ARB_transform_feedback2 GL_ARB_transform_feedback3 GL_ARB_transpose_matrix GL_ARB_uniform_buffer_object GL_ARB_vertex_array_bgra GL_ARB_vertex_array_object GL_ARB_vertex_attrib_64bit GL_ARB_vertex_buffer_object GL_ARB_vertex_program GL_ARB_vertex_shader GL_ARB_vertex_type_2_10_10_10_rev GL_ARB_viewport_array GL_ARB_window_pos GL_ATI_draw_buffers GL_ATI_envmap_bumpmap GL_ATI_fragment_shader GL_ATI_meminfo GL_ATI_separate_stencil GL_ATI_texture_compression_3dc GL_ATI_texture_env_combine3 GL_ATI_texture_float GL_ATI_texture_mirror_once GL_EXT_abgr GL_EXT_bgra GL_EXT_bindable_uniform GL_EXT_blend_color GL_EXT_blend_equation_separate GL_EXT_blend_func_separate GL_EXT_blend_minmax GL_EXT_blend_subtract GL_EXT_compiled_vertex_array GL_EXT_copy_buffer GL_EXT_copy_texture GL_EXT_direct_state_access GL_EXT_draw_buffers2 GL_EXT_draw_instanced GL_EXT_draw_range_elements GL_EXT_fog_coord GL_EXT_framebuffer_blit GL_EXT_framebuffer_multisample GL_EXT_framebuffer_object GL_EXT_framebuffer_sRGB GL_EXT_geometry_shader4 GL_EXT_gpu_program_parameters GL_EXT_gpu_shader4 GL_EXT_histogram GL_EXT_multi_draw_arrays GL_EXT_packed_depth_stencil GL_EXT_packed_float GL_EXT_packed_pixels GL_EXT_pixel_buffer_object GL_EXT_point_parameters GL_EXT_provoking_vertex GL_EXT_rescale_normal GL_EXT_secondary_color GL_EXT_separate_specular_color GL_EXT_shader_image_load_store GL_EXT_shadow_funcs GL_EXT_stencil_wrap GL_EXT_subtexture GL_EXT_texgen_reflection GL_EXT_texture3D GL_EXT_texture_array GL_EXT_texture_buffer_object GL_EXT_texture_compression_bptc GL_EXT_texture_compression_latc GL_EXT_texture_compression_rgtc GL_EXT_texture_compression_s3tc GL_EXT_texture_cube_map GL_EXT_texture_edge_clamp GL_EXT_texture_env_add GL_EXT_texture_env_combine GL_EXT_texture_env_dot3 GL_EXT_texture_filter_anisotropic GL_EXT_texture_integer GL_EXT_texture_lod GL_EXT_texture_lod_bias GL_EXT_texture_mirror_clamp GL_EXT_texture_object GL_EXT_texture_rectangle GL_EXT_texture_sRGB GL_EXT_texture_shared_exponent GL_EXT_texture_snorm GL_EXT_texture_swizzle GL_EXT_timer_query GL_EXT_transform_feedback GL_EXT_vertex_array GL_EXT_vertex_array_bgra GL_EXT_vertex_attrib_64bit GL_IBM_texture_mirrored_repeat GL_KTX_buffer_region GL_NV_blend_square GL_NV_conditional_render GL_NV_copy_depth_to_color GL_NV_explicit_multisample GL_NV_float_buffer GL_NV_half_float GL_NV_primitive_restart GL_NV_texgen_reflection GL_NV_texture_barrier GL_SGIS_generate_mipmap GL_SGIS_texture_edge_clamp GL_SGIS_texture_lod GL_SUN_multi_draw_arrays GL_WIN_swap_hint WGL_EXT_swap_control
09:51:42: Supported GLX extensions: GLX_ARB_create_context GLX_ARB_create_context_profile GLX_ARB_get_proc_address GLX_ARB_multisample GLX_EXT_import_context GLX_EXT_visual_info GLX_EXT_visual_rating GLX_MESA_swap_control GLX_NV_swap_group GLX_OML_swap_method GLX_SGI_make_current_read GLX_SGI_swap_control GLX_SGI_video_sync GLX_SGIS_multisample GLX_SGIX_fbconfig GLX_SGIX_pbuffer GLX_SGIX_swap_barrier GLX_SGIX_swap_group GLX_SGIX_visual_select_group GLX_EXT_texture_from_pixmap 
09:51:42: ***************************
09:51:42: *** GL Renderer Started ***
09:51:42: ***************************
09:51:42: Registering ResourceManager for type GpuProgram
09:51:42: GLSL support detected
09:51:42: GL: Using GL_EXT_framebuffer_object for rendering to textures (best)
09:51:42: FBO PF_UNKNOWN depth/stencil support: D0S1 D0S4 D0S8 D0S16 D16S0 D24S0 D32S0 Packed-D24S8 
09:51:42: FBO PF_L8 depth/stencil support: D0S0 D0S1 D0S4 D0S8 D0S16 D16S0 D24S0 D32S0 Packed-D24S8 
09:51:42: FBO PF_L16 depth/stencil support: D0S0 D0S1 D0S4 D0S8 D0S16 D16S0 D24S0 D32S0 Packed-D24S8 
09:51:42: FBO PF_A8 depth/stencil support: D0S0 D0S1 D0S4 D0S8 D0S16 D16S0 D24S0 D32S0 Packed-D24S8 
09:51:42: FBO PF_A4L4 depth/stencil support: D0S0 D0S1 D0S4 D0S8 D0S16 D16S0 D24S0 D32S0 Packed-D24S8 
09:51:42: FBO PF_BYTE_LA depth/stencil support: D0S0 D0S1 D0S4 D0S8 D0S16 D16S0 D24S0 D32S0 Packed-D24S8 
09:51:42: FBO PF_R5G6B5 depth/stencil support: D0S0 D0S1 D0S4 D0S8 D0S16 D16S0 D24S0 D32S0 Packed-D24S8 
09:51:42: FBO PF_B5G6R5 depth/stencil support: D0S0 D0S1 D0S4 D0S8 D0S16 D16S0 D24S0 D32S0 Packed-D24S8 
09:51:42: FBO PF_A4R4G4B4 depth/stencil support: D0S0 D0S1 D0S4 D0S8 D0S16 D16S0 D24S0 D32S0 Packed-D24S8 
09:51:42: FBO PF_A1R5G5B5 depth/stencil support: D0S0 D0S1 D0S4 D0S8 D0S16 D16S0 D24S0 D32S0 Packed-D24S8 
09:51:42: FBO PF_R8G8B8 depth/stencil support: D0S0 D0S1 D0S4 D0S8 D0S16 D16S0 D24S0 D32S0 Packed-D24S8 
09:51:42: FBO PF_B8G8R8 depth/stencil support: D0S0 D0S1 D0S4 D0S8 D0S16 D16S0 D24S0 D32S0 Packed-D24S8 
09:51:42: FBO PF_A8R8G8B8 depth/stencil support: D0S0 D0S1 D0S4 D0S8 D0S16 D16S0 D24S0 D32S0 Packed-D24S8 
09:51:42: FBO PF_B8G8R8A8 depth/stencil support: D0S0 D0S1 D0S4 D0S8 D0S16 D16S0 D24S0 D32S0 Packed-D24S8 
09:51:42: FBO PF_A2R10G10B10 depth/stencil support: D0S0 D0S1 D0S4 D0S8 D0S16 D16S0 D24S0 D32S0 Packed-D24S8 
09:51:42: FBO PF_A2B10G10R10 depth/stencil support: D0S0 D0S1 D0S4 D0S8 D0S16 D16S0 D24S0 D32S0 Packed-D24S8 
09:51:42: FBO PF_FLOAT16_RGB depth/stencil support: D0S0 D0S1 D0S4 D0S8 D0S16 D16S0 D24S0 D32S0 Packed-D24S8 
09:51:42: FBO PF_FLOAT16_RGBA depth/stencil support: D0S0 D0S1 D0S4 D0S8 D0S16 D16S0 D24S0 D32S0 Packed-D24S8 
09:51:42: FBO PF_FLOAT32_RGB depth/stencil support: D0S0 D0S1 D0S4 D0S8 D0S16 D16S0 D24S0 D32S0 Packed-D24S8 
09:51:42: FBO PF_FLOAT32_RGBA depth/stencil support: D0S0 D0S1 D0S4 D0S8 D0S16 D16S0 D24S0 D32S0 Packed-D24S8 
09:51:42: FBO PF_X8R8G8B8 depth/stencil support: D0S0 D0S1 D0S4 D0S8 D0S16 D16S0 D24S0 D32S0 Packed-D24S8 
09:51:42: FBO PF_X8B8G8R8 depth/stencil support: D0S0 D0S1 D0S4 D0S8 D0S16 D16S0 D24S0 D32S0 Packed-D24S8 
09:51:42: FBO PF_SHORT_RGBA depth/stencil support: D0S0 D0S1 D0S4 D0S8 D0S16 D16S0 D24S0 D32S0 Packed-D24S8 
09:51:42: FBO PF_R3G3B2 depth/stencil support: D0S0 D0S1 D0S4 D0S8 D0S16 D16S0 D24S0 D32S0 Packed-D24S8 
09:51:42: FBO PF_FLOAT16_R depth/stencil support: D0S0 D0S1 D0S4 D0S8 D0S16 D16S0 D24S0 D32S0 Packed-D24S8 
09:51:42: FBO PF_FLOAT32_R depth/stencil support: D0S0 D0S1 D0S4 D0S8 D0S16 D16S0 D24S0 D32S0 Packed-D24S8 
09:51:42: FBO PF_SHORT_GR depth/stencil support: D0S0 D0S1 D0S4 D0S8 D0S16 D16S0 D24S0 D32S0 Packed-D24S8 
09:51:42: FBO PF_FLOAT16_GR depth/stencil support: D0S0 D0S1 D0S4 D0S8 D0S16 D16S0 D24S0 D32S0 Packed-D24S8 
09:51:42: FBO PF_FLOAT32_GR depth/stencil support: D0S0 D0S1 D0S4 D0S8 D0S16 D16S0 D24S0 D32S0 Packed-D24S8 
09:51:42: FBO PF_SHORT_RGB depth/stencil support: D0S0 D0S1 D0S4 D0S8 D0S16 D16S0 D24S0 D32S0 Packed-D24S8 
09:51:42: [GL] : Valid FBO targets PF_UNKNOWN PF_L8 PF_L16 PF_A8 PF_A4L4 PF_BYTE_LA PF_R5G6B5 PF_B5G6R5 PF_A4R4G4B4 PF_A1R5G5B5 PF_R8G8B8 PF_B8G8R8 PF_A8R8G8B8 PF_B8G8R8A8 PF_A2R10G10B10 PF_A2B10G10R10 PF_FLOAT16_RGB PF_FLOAT16_RGBA PF_FLOAT32_RGB PF_FLOAT32_RGBA PF_X8R8G8B8 PF_X8B8G8R8 PF_SHORT_RGBA PF_R3G3B2 PF_FLOAT16_R PF_FLOAT32_R PF_SHORT_GR PF_FLOAT16_GR PF_FLOAT32_GR PF_SHORT_RGB 
09:51:42: RenderSystem capabilities
09:51:42: -------------------------
09:51:42: RenderSystem Name: OpenGL Rendering Subsystem
09:51:42: GPU Vendor: ati
09:51:42: Device Name: ATI Mobility Radeon HD 5000 Series
09:51:42: Driver Version: 4.1.10665.0
09:51:42:  * Fixed function pipeline: yes
09:51:42:  * Hardware generation of mipmaps: no
09:51:42:  * Texture blending: yes
09:51:42:  * Anisotropic texture filtering: yes
09:51:42:  * Dot product texture operation: yes
09:51:42:  * Cube mapping: yes
09:51:42:  * Hardware stencil buffer: yes
09:51:42:    - Stencil depth: 8
09:51:42:    - Two sided stencil support: yes
09:51:42:    - Wrap stencil values: yes
09:51:42:  * Hardware vertex / index buffers: yes
09:51:42:  * Vertex programs: yes
09:51:42:  * Number of floating-point constants for vertex programs: 256
09:51:42:  * Number of integer constants for vertex programs: 0
09:51:42:  * Number of boolean constants for vertex programs: 0
09:51:42:  * Fragment programs: yes
09:51:42:  * Number of floating-point constants for fragment programs: 256
09:51:42:  * Number of integer constants for fragment programs: 0
09:51:42:  * Number of boolean constants for fragment programs: 0
09:51:42:  * Geometry programs: yes
09:51:42:  * Number of floating-point constants for geometry programs: 256
09:51:42:  * Number of integer constants for geometry programs: 0
09:51:42:  * Number of boolean constants for geometry programs: 0
09:51:42:  * Supported Shader Profiles: arbfp1 arbvp1 glsl gp4gp gpu_gp nvgp4 ps_1_1 ps_1_2 ps_1_3 ps_1_4
09:51:42:  * Texture Compression: yes
09:51:42:    - DXT: yes
09:51:42:    - VTC: no
09:51:42:    - PVRTC: no
09:51:42:  * Scissor Rectangle: yes
09:51:42:  * Hardware Occlusion Query: yes
09:51:42:  * User clip planes: yes
09:51:42:  * VET_UBYTE4 vertex element type: yes
09:51:42:  * Infinite far plane projection: yes
09:51:42:  * Hardware render-to-texture: yes
09:51:42:  * Floating point textures: yes
09:51:42:  * Non-power-of-two textures: yes
09:51:42:  * Volume textures: yes
09:51:42:  * Multiple Render Targets: 8
09:51:42:    - With different bit depths: yes
09:51:42:  * Point Sprites: yes
09:51:42:  * Extended point parameters: yes
09:51:42:  * Max Point Size: 8192
09:51:42:  * Vertex texture fetch: yes
09:51:42:  * Number of world matrices: 0
09:51:42:  * Number of texture units: 16
09:51:42:  * Stencil buffer depth: 8
09:51:42:  * Number of vertex blend matrices: 0
09:51:42:    - Max vertex textures: 16
09:51:42:    - Vertex textures shared: yes
09:51:42:  * Render to Vertex Buffer : no
09:51:42:  * GL 1.5 without VBO workaround: no
09:51:42:  * Frame Buffer objects: yes
09:51:42:  * Frame Buffer objects (ARB extension): no
09:51:42:  * Frame Buffer objects (ATI extension): no
09:51:42:  * PBuffer support: yes
09:51:42:  * GL 1.5 without HW-occlusion workaround: no
09:51:42: Registering ResourceManager for type Texture
09:51:42: Using FSAA from GL_ARB_multisample extension.
09:51:42: DefaultWorkQueue('Root') initialising on thread 0x91ddd58.
09:51:42: Particle Renderer Type 'billboard' registered
09:51:42: DefaultWorkQueue('Root')::WorkerFunc - thread 0x96e7c48 starting.
09:51:42: DefaultWorkQueue('Root')::WorkerFunc - thread 0x96f2688 starting.
09:51:42: SceneManagerFactory for type 'BspSceneManager' registered.
09:51:42: Registering ResourceManager for type BspLevel
09:51:42: SceneManagerFactory for type 'PCZSceneManager' registered.
09:51:42: MovableObjectFactory for type 'PCZLight' registered.
09:51:42: MovableObjectFactory for type 'Portal' registered.
09:51:42: MovableObjectFactory for type 'AntiPortal' registered.
09:51:42: PCZone Factory Type 'ZoneType_Octree' registered
09:51:42: PCZone Factory Type 'ZoneType_Terrain' registered
09:51:42: SceneManagerFactory for type 'OctreeSceneManager' registered.
09:51:42: SceneManagerFactory for type 'TerrainSceneManager' registered.
09:51:42: Parsing scripts for resource group Autodetect
09:51:42: Finished parsing scripts for resource group Autodetect
09:51:42: Parsing scripts for resource group Essential
09:51:42: Parsing script SdkTrays.material
09:51:42: Parsing script OgreCore.material
09:51:42: Parsing script OgreProfiler.material
09:51:42: Parsing script SdkTrays.fontdef
09:51:42: Parsing script Ogre.fontdef
09:51:42: Parsing script SdkTrays.overlay
09:51:42: Bad element attribute line: '# you can offset the image to change the cursor "hotspot"' for element SdkTrays/Cursor in overlay 
09:51:42: Texture: sdk_cursor.png: Loading 1 faces(PF_A8R8G8B8,32x32x1) with 5 generated mipmaps from Image. Internal format is PF_A8R8G8B8,32x32x1.
09:51:42: Texture: sdk_tray.png: Loading 1 faces(PF_A8R8G8B8,64x64x1) with 5 generated mipmaps from Image. Internal format is PF_A8R8G8B8,64x64x1.
09:51:42: Texture: sdk_button_up.png: Loading 1 faces(PF_A8R8G8B8,128x32x1) with 5 generated mipmaps from Image. Internal format is PF_A8R8G8B8,128x32x1.
09:51:42: Texture: sdk_text_box.png: Loading 1 faces(PF_A8R8G8B8,32x32x1) with 5 generated mipmaps from Image. Internal format is PF_A8R8G8B8,32x32x1.
09:51:42: Texture: sdk_mini_tray.png: Loading 1 faces(PF_A8R8G8B8,32x32x1) with 5 generated mipmaps from Image. Internal format is PF_A8R8G8B8,32x32x1.
09:51:42: Texture: sdk_track.png: Loading 1 faces(PF_A8R8G8B8,16x32x1) with 5 generated mipmaps from Image. Internal format is PF_A8R8G8B8,16x32x1.
09:51:42: Texture: sdk_handle.png: Loading 1 faces(PF_A8R8G8B8,16x16x1) with 4 generated mipmaps from Image. Internal format is PF_A8R8G8B8,16x16x1.
09:51:42: Texture: sdk_mini_text_box.png: Loading 1 faces(PF_A8R8G8B8,32x32x1) with 5 generated mipmaps from Image. Internal format is PF_A8R8G8B8,32x32x1.
09:51:42: Texture: sdk_label.png: Loading 1 faces(PF_A8R8G8B8,32x32x1) with 5 generated mipmaps from Image. Internal format is PF_A8R8G8B8,32x32x1.
09:51:42: Texture: sdk_separator.png: Loading 1 faces(PF_A8R8G8B8,64x16x1) with 5 generated mipmaps from Image. Internal format is PF_A8R8G8B8,64x16x1.
09:51:42: Texture: sdk_logo.png: Loading 1 faces(PF_A8R8G8B8,128x64x1) with 5 generated mipmaps from Image. Internal format is PF_A8R8G8B8,128x64x1.
09:51:42: Texture: sdk_shade.png: Loading 1 faces(PF_A8R8G8B8,64x48x1) with 5 generated mipmaps from Image. Internal format is PF_A8R8G8B8,64x48x1.
09:51:42: Texture: sdk_frame.png: Loading 1 faces(PF_A8R8G8B8,32x32x1) with 5 generated mipmaps from Image. Internal format is PF_A8R8G8B8,32x32x1.
09:51:42: Texture: sdk_mini_text_box_over.png: Loading 1 faces(PF_A8R8G8B8,32x32x1) with 5 generated mipmaps from Image. Internal format is PF_A8R8G8B8,32x32x1.
09:51:42: Texture: sdk_pulse.png: Loading 1 faces(PF_R8G8B8,8x1x1) with 3 generated mipmaps from Image. Internal format is PF_X8R8G8B8,8x1x1.
09:51:42: Parsing script OgreDebugPanel.overlay
09:51:42: Texture: New_Ogre_Border_Center.png: Loading 1 faces(PF_A8R8G8B8,256x128x1) with 5 generated mipmaps from Image. Internal format is PF_A8R8G8B8,256x128x1.
09:51:42: Texture: New_Ogre_Border.png: Loading 1 faces(PF_A8R8G8B8,256x256x1) with 5 generated mipmaps from Image. Internal format is PF_A8R8G8B8,256x256x1.
09:51:42: Texture: New_Ogre_Border_Break.png: Loading 1 faces(PF_A8R8G8B8,32x32x1) with 5 generated mipmaps from Image. Internal format is PF_A8R8G8B8,32x32x1.
09:51:42: Texture: ogretext.png: Loading 1 faces(PF_A8R8G8B8,256x128x1) with 5 generated mipmaps from Image. Internal format is PF_A8R8G8B8,256x128x1.
09:51:42: Parsing script OgreLoadingPanel.overlay
09:51:42: Finished parsing scripts for resource group Essential
09:51:42: Parsing scripts for resource group Fonts
09:51:42: Finished parsing scripts for resource group Fonts
09:51:42: Parsing scripts for resource group General
09:51:42: Parsing script StdQuad_vp.program
09:51:42: Parsing script Examples.program
09:51:42: GLSL compiled : Ogre/BasicVertexPrograms/AmbientOneTextureGLSLVertex shader was successfully compiled to run on hardware.

09:51:42: GLSL compiled : Ogre/HardwareSkinningTwoWeightsGLSLVertex shader was successfully compiled to run on hardware.

09:51:42: OGRE EXCEPTION(2:InvalidParametersException): Parameter called ambient does not exist.  in GpuProgramParameters::_findNamedConstantDefinition at /build/buildd/ogre-1.7.3/OgreMain/src/OgreGpuProgramParams.cpp (line 1435)
09:51:42: Compiler error: invalid parameters in Examples.program(130): setting of constant failed
09:51:42: Parsing script Invert.material
09:51:42: Parsing script GLSLSwizzle.material
09:51:42: GLSL compiled : Ogre/GPTest/Swizzle_GP_GLSLGeometry shader was successfully compiled to run on hardware.

09:51:42: GLSL compiled : Ogre/GPTest/Passthrough_VP_GLSLVertex shader was successfully compiled to run on hardware.

09:51:42: Parsing script Hurt.material
09:51:42: Parsing script Examples-DynTex.material
09:51:42: Parsing script Glass.material
09:51:42: Parsing script HeatVision.material
09:51:42: Parsing script BlackAndWhite.material
09:51:42: Parsing script Bloom2.material
09:51:43: GLSL compiled : Bloom2_ps20_glslFragment shader was successfully compiled to run on hardware.

09:51:43: Parsing script Tiling.material
09:51:43: Parsing script sibenik.material
09:51:43: Parsing script MRTtest.material
09:51:43: GLSL compiled : Ogre/MRTtest/scenefp/GLSLFragment shader was successfully compiled to run on hardware.

09:51:43: GLSL compiled : Ogre/MRTtest/quadfp/GLSLFragment shader was successfully compiled to run on hardware.

09:51:43: GLSL compiled : Ogre/Compositor/StdQuad_GLSL_vpVertex shader was successfully compiled to run on hardware.

09:51:43: Parsing script facial.material
09:51:43: Parsing script hdr.material
09:51:43: GLSL compiled : Ogre/Compositor/HDR/downscale2x2LuminenceGLSL_fpFragment shader was successfully compiled to run on hardware.

09:51:43: GLSL compiled : Ogre/Compositor/HDR/downscale3x3GLSL_fpFragment shader was successfully compiled to run on hardware.

09:51:43: GLSL compiled : Ogre/Compositor/HDR/utils_fpFragment shader was successfully compiled to run on hardware.

09:51:43: GLSL compiled : Ogre/Compositor/HDR/downscale3x3brightpassGLSL_fpFragment shader was successfully compiled to run on hardware.

09:51:43: GLSL compiled : Ogre/Compositor/HDR/bloomGLSL_fpFragment shader was successfully compiled to run on hardware.

09:51:43: GLSL compiled : Ogre/Compositor/HDR/utils_fpFragment shader was successfully compiled to run on hardware.

09:51:43: GLSL compiled : Ogre/Compositor/HDR/finaltonemappingGLSL_fpFragment shader was successfully compiled to run on hardware.

09:51:43: Parsing script Example-Water.material
09:51:43: Parsing script Ocean.material
09:51:43: GLSL compiled : GLSL/OceanVSVertex shader was successfully compiled to run on hardware.

09:51:43: GLSL compiled : GLSL/OceanFSFragment shader was successfully compiled to run on hardware.

09:51:43: GLSL compiled : GLSL/Ocean2VSVertex shader was successfully compiled to run on hardware.

09:51:43: GLSL compiled : GLSL/Ocean2FSFragment shader was successfully compiled to run on hardware.

09:51:43: Parsing script IsoSurf.material
09:51:43: Problem parsing the following Cg Uniform: '@TMP29' in file Ogre/IsoSurf/TessellateTetrahedraGS
09:51:43: Parsing script smoke.material
09:51:43: Parsing script Penguin.material
09:51:43: Parsing script DepthShadowmap.material
09:51:43: GLSL compiled : Ogre/DepthShadowmap/CasterVP_GLSLVertex shader was successfully compiled to run on hardware.

09:51:43: GLSL compiled : Ogre/DepthShadowmap/CasterFP_GLSLFragment shader was successfully compiled to run on hardware.

09:51:43: GLSL compiled : Ogre/DepthShadowmap/ReceiverVP_GLSLVertex shader was successfully compiled to run on hardware.

09:51:43: GLSL compiled : Ogre/DepthShadowmap/ReceiverFP_GLSLFragment shader was successfully compiled to run on hardware.

09:51:43: GLSL compiled : Ogre/DepthShadowmap/ReceiverFPPCF_GLSLFragment shader was successfully compiled to run on hardware.

09:51:43: GLSL compiled : Ogre/DepthShadowmap/NormalMapReceiverVP_GLSLVertex shader was successfully compiled to run on hardware.

09:51:43: GLSL compiled : Ogre/DepthShadowmap/NormalMapReceiverFP_GLSLFragment shader was successfully compiled to run on hardware.

09:51:43: GLSL compiled : Ogre/DepthShadowmap/NormalMapReceiverFPPCF_GLSLFragment shader was successfully compiled to run on hardware.

09:51:43: Parsing script Embossed.material
09:51:43: Parsing script VarianceShadowmap.material
09:51:43: Parsing script SharpenEdges.material
09:51:43: Parsing script OldTV.material
09:51:43: Parsing script ASMSwizzle.material
09:51:43: Parsing script CGSwizzle.material
09:51:43: Parsing script ASCII.material
09:51:43: Parsing script ParticleGS.material
09:51:43: OGRE EXCEPTION(7:InternalErrorException): Unable to compile Cg program Ogre/ParticleGS/DisplayPS: The compile returned an error.
(323) : fatal error C9999: unexpected cast operation
 in CgProgram::loadFromSource at /build/buildd/ogre-1.7.3/PlugIns/CgProgramManager/src/OgreCgProgramManagerDll.cpp (line 67)
09:51:43: High-level program Ogre/ParticleGS/DisplayPS encountered an error during loading and is thus not supported.
OGRE EXCEPTION(7:InternalErrorException): Unable to compile Cg program Ogre/ParticleGS/DisplayPS: The compile returned an error.
(323) : fatal error C9999: unexpected cast operation
 in CgProgram::loadFromSource at /build/buildd/ogre-1.7.3/PlugIns/CgProgramManager/src/OgreCgProgramManagerDll.cpp (line 67)
09:51:43: Parsing script DOF.material
09:51:43: Parsing script OldMovie.material
09:51:43: Parsing script Examples.material
09:51:43: OGRE EXCEPTION(2:InvalidParametersException): Parameter called camObjPos does not exist.  in GpuProgramParameters::_findNamedConstantDefinition at /build/buildd/ogre-1.7.3/OgreMain/src/OgreGpuProgramParams.cpp (line 1435)
09:51:43: Compiler error: invalid parameters in Examples.material(837): setting of constant failed
09:51:43: GLSL compiled : Ogre/HardwareSkinningTwoWeightsShadowCasterGLSLVertex shader was successfully compiled to run on hardware.

09:51:43: Parsing script Laplace.material
09:51:43: Parsing script Dither.material
09:51:43: Parsing script Ogre.material
09:51:43: Parsing script NightVision.material
09:51:43: Parsing script OffsetMapping.material
09:51:43: GLSL compiled : Examples/OffsetMappingIntegratedShadowsFPglslFragment shader was successfully compiled to run on hardware.

09:51:43: GLSL compiled : Examples/OffsetMappingIntegratedShadowsVPglslVertex shader was successfully compiled to run on hardware.

09:51:43: Parsing script instancing.material
09:51:43: GLSL compiled : InstancingGLSLVertex shader was successfully compiled to run on hardware.

09:51:43: GLSL compiled : InstancingShadowCasterGLSLVertex shader was successfully compiled to run on hardware.

09:51:43: GLSL compiled : CrowdGLSLVertex shader was successfully compiled to run on hardware.

09:51:43: GLSL compiled : CrowdShadowCasterGLSLVertex shader was successfully compiled to run on hardware.

09:51:43: Parsing script CompositorDemo.material
09:51:43: Parsing script pssm.material
09:51:43: Parsing script shadows.material
09:51:43: Parsing script Bloom.material
09:51:43: GLSL compiled : Blur_ps_glslFragment shader was successfully compiled to run on hardware.

09:51:44: GLSL compiled : Blur0_vs_glslVertex shader was successfully compiled to run on hardware.

09:51:44: GLSL compiled : Blur1_vs_glslVertex shader was successfully compiled to run on hardware.

09:51:44: Parsing script RadialBlur.material
09:51:44: Parsing script MotionBlur.material
09:51:44: Parsing script Examples-Water.material
09:51:44: Parsing script Examples-Advanced.material
09:51:44: Parsing script Posterize.material
09:51:44: Parsing script Halftone.material
09:51:44: Parsing script RZR-002.material
09:51:44: Parsing script ShaderSystem.material
09:51:44: Parsing script OgreCore.material
09:51:44: Parsing script Examples.compositor
09:51:44: Parsing script Ogre.fontdef
09:51:44: Parsing script OgreDebugPanel.overlay
09:51:44: Skipping loading overlay include: 'OgreDebugPanel.overlay as it is already loaded.
09:51:44: Finished parsing scripts for resource group General
09:51:44: Parsing scripts for resource group Imagesets
09:51:44: Finished parsing scripts for resource group Imagesets
09:51:44: Parsing scripts for resource group Internal
09:51:44: Finished parsing scripts for resource group Internal
09:51:44: Parsing scripts for resource group Layouts
09:51:44: Finished parsing scripts for resource group Layouts
09:51:44: Parsing scripts for resource group LookNFeel
09:51:44: Finished parsing scripts for resource group LookNFeel
09:51:44: Parsing scripts for resource group Schemes
09:51:44: Finished parsing scripts for resource group Schemes
09:51:44: Creating resource group OgreBulletCollisions
09:51:44: Texture: BumpyMetal.jpg: Loading 1 faces(PF_R8G8B8,512x512x1) with 5 generated mipmaps from Image. Internal format is PF_X8R8G8B8,512x512x1.
09:51:44: Mesh: Loading cube.mesh.
09:51:44: *** Initializing OIS ***
09:51:44: Font SdkTrays/Captionusing texture size 512x256
09:51:44: Info: Freetype returned null for character 160 in font SdkTrays/Caption
09:51:44: Texture: SdkTrays/CaptionTexture: Loading 1 faces(PF_BYTE_LA,512x256x1) with 0 generated mipmaps from Image. Internal format is PF_BYTE_LA,512x256x1.
09:51:44: Font SdkTrays/Valueusing texture size 512x256
09:51:44: Info: Freetype returned null for character 127 in font SdkTrays/Value
09:51:44: Info: Freetype returned null for character 128 in font SdkTrays/Value
09:51:44: Info: Freetype returned null for character 129 in font SdkTrays/Value
09:51:44: Info: Freetype returned null for character 130 in font SdkTrays/Value
09:51:44: Info: Freetype returned null for character 131 in font SdkTrays/Value
09:51:44: Info: Freetype returned null for character 132 in font SdkTrays/Value
09:51:44: Info: Freetype returned null for character 133 in font SdkTrays/Value
09:51:44: Info: Freetype returned null for character 134 in font SdkTrays/Value
09:51:44: Info: Freetype returned null for character 135 in font SdkTrays/Value
09:51:44: Info: Freetype returned null for character 136 in font SdkTrays/Value
09:51:44: Info: Freetype returned null for character 137 in font SdkTrays/Value
09:51:44: Info: Freetype returned null for character 138 in font SdkTrays/Value
09:51:44: Info: Freetype returned null for character 139 in font SdkTrays/Value
09:51:44: Info: Freetype returned null for character 140 in font SdkTrays/Value
09:51:44: Info: Freetype returned null for character 141 in font SdkTrays/Value
09:51:44: Info: Freetype returned null for character 142 in font SdkTrays/Value
09:51:44: Info: Freetype returned null for character 143 in font SdkTrays/Value
09:51:44: Info: Freetype returned null for character 144 in font SdkTrays/Value
09:51:44: Info: Freetype returned null for character 145 in font SdkTrays/Value
09:51:44: Info: Freetype returned null for character 146 in font SdkTrays/Value
09:51:44: Info: Freetype returned null for character 147 in font SdkTrays/Value
09:51:44: Info: Freetype returned null for character 148 in font SdkTrays/Value
09:51:44: Info: Freetype returned null for character 149 in font SdkTrays/Value
09:51:44: Info: Freetype returned null for character 150 in font SdkTrays/Value
09:51:44: Info: Freetype returned null for character 151 in font SdkTrays/Value
09:51:44: Info: Freetype returned null for character 152 in font SdkTrays/Value
09:51:44: Info: Freetype returned null for character 153 in font SdkTrays/Value
09:51:44: Info: Freetype returned null for character 154 in font SdkTrays/Value
09:51:44: Info: Freetype returned null for character 155 in font SdkTrays/Value
09:51:44: Info: Freetype returned null for character 156 in font SdkTrays/Value
09:51:44: Info: Freetype returned null for character 157 in font SdkTrays/Value
09:51:44: Info: Freetype returned null for character 158 in font SdkTrays/Value
09:51:44: Info: Freetype returned null for character 159 in font SdkTrays/Value
09:51:44: Info: Freetype returned null for character 160 in font SdkTrays/Value
09:51:44: Texture: SdkTrays/ValueTexture: Loading 1 faces(PF_BYTE_LA,512x256x1) with 0 generated mipmaps from Image. Internal format is PF_BYTE_LA,512x256x1.
