16:23:21: Creating resource group General
16:23:21: Creating resource group Internal
16:23:21: Creating resource group Autodetect
16:23:21: SceneManagerFactory for type 'DefaultSceneManager' registered.
16:23:21: Registering ResourceManager for type Material
16:23:21: Registering ResourceManager for type Mesh
16:23:21: Registering ResourceManager for type Skeleton
16:23:21: MovableObjectFactory for type 'ParticleSystem' registered.
16:23:21: OverlayElementFactory for type Panel registered.
16:23:21: OverlayElementFactory for type BorderPanel registered.
16:23:21: OverlayElementFactory for type TextArea registered.
16:23:21: Registering ResourceManager for type Font
16:23:21: ArchiveFactory for archive type FileSystem registered.
16:23:21: ArchiveFactory for archive type Zip registered.
16:23:21: DDS codec registering
16:23:21: FreeImage version: 3.15.0
16:23:21: This program uses FreeImage, a free, open source image library supporting all common bitmap formats. See http://freeimage.sourceforge.net for details
16:23:21: Supported formats: bmp,ico,jpg,jif,jpeg,jpe,jng,koa,iff,lbm,mng,pbm,pbm,pcd,pcx,pgm,pgm,png,ppm,ppm,ras,tga,targa,tif,tiff,wap,wbmp,wbm,psd,cut,xbm,xpm,gif,hdr,g3,sgi,exr,j2k,j2c,jp2,pfm,pct,pict,pic,3fr,arw,bay,bmq,cap,cine,cr2,crw,cs1,dc2,dcr,drf,dsc,dng,erf,fff,ia,iiq,k25,kc2,kdc,mdc,mef,mos,mrw,nef,nrw,orf,pef,ptx,pxn,qtk,raf,raw,rdc,rw2,rwl,rwz,sr2,srf,sti
16:23:21: Registering ResourceManager for type HighLevelGpuProgram
16:23:21: Registering ResourceManager for type Compositor
16:23:21: MovableObjectFactory for type 'Entity' registered.
16:23:21: MovableObjectFactory for type 'Light' registered.
16:23:21: MovableObjectFactory for type 'BillboardSet' registered.
16:23:21: MovableObjectFactory for type 'ManualObject' registered.
16:23:21: MovableObjectFactory for type 'BillboardChain' registered.
16:23:21: MovableObjectFactory for type 'RibbonTrail' registered.
16:23:21: Loading library /usr/lib/OGRE/RenderSystem_GL
16:23:21: Installing plugin: GL RenderSystem
16:23:21: OpenGL Rendering Subsystem created.
16:23:21: Plugin successfully installed
16:23:21: Loading library /usr/lib/OGRE/Plugin_ParticleFX
16:23:21: Installing plugin: ParticleFX
16:23:21: Particle Emitter Type 'Point' registered
16:23:21: Particle Emitter Type 'Box' registered
16:23:21: Particle Emitter Type 'Ellipsoid' registered
16:23:21: Particle Emitter Type 'Cylinder' registered
16:23:21: Particle Emitter Type 'Ring' registered
16:23:21: Particle Emitter Type 'HollowEllipsoid' registered
16:23:21: Particle Affector Type 'LinearForce' registered
16:23:21: Particle Affector Type 'ColourFader' registered
16:23:21: Particle Affector Type 'ColourFader2' registered
16:23:21: Particle Affector Type 'ColourImage' registered
16:23:21: Particle Affector Type 'ColourInterpolator' registered
16:23:21: Particle Affector Type 'Scaler' registered
16:23:21: Particle Affector Type 'Rotator' registered
16:23:21: Particle Affector Type 'DirectionRandomiser' registered
16:23:21: Particle Affector Type 'DeflectorPlane' registered
16:23:21: Plugin successfully installed
16:23:21: Loading library /usr/lib/OGRE/Plugin_BSPSceneManager
16:23:21: Installing plugin: BSP Scene Manager
16:23:21: Plugin successfully installed
16:23:21: Loading library /usr/lib/OGRE/Plugin_CgProgramManager
16:23:21: Installing plugin: Cg Program Manager
16:23:21: Plugin successfully installed
16:23:21: Loading library /usr/lib/OGRE/Plugin_PCZSceneManager
16:23:21: Installing plugin: Portal Connected Zone Scene Manager
16:23:21: PCZone Factory Type 'ZoneType_Default' registered
16:23:21: Plugin successfully installed
16:23:21: Loading library /usr/lib/OGRE/Plugin_OctreeZone
16:23:21: Installing plugin: Octree Zone Factory
16:23:21: Plugin successfully installed
16:23:21: Loading library /usr/lib/OGRE/Plugin_OctreeSceneManager
16:23:21: Installing plugin: Octree & Terrain Scene Manager
16:23:21: Plugin successfully installed
16:23:21: *-*-* OGRE Initialising
16:23:21: *-*-* Version 1.7.3 (Cthugha)
16:23:21: Creating resource group Essential
16:23:21: Added resource location '/usr/share/ogre/Media/packs/SdkTrays.zip' of type 'Zip' to resource group 'Essential'
16:23:21: Added resource location '/usr/share/ogre/Media' of type 'FileSystem' to resource group 'General'
16:23:21: Added resource location '/usr/share/ogre/Media/materials/scripts' of type 'FileSystem' to resource group 'General'
16:23:21: Added resource location '/usr/share/ogre/Media/materials/textures' of type 'FileSystem' to resource group 'General'
16:23:21: Added resource location '/usr/share/ogre/Media/materials/programs' of type 'FileSystem' to resource group 'General'
16:23:21: Added resource location '/usr/share/ogre/Media/models' of type 'FileSystem' to resource group 'General'
16:23:26: CPU Identifier & Features
16:23:26: -------------------------
16:23:26:  *   CPU ID: AuthenticAMD: AMD Turion(tm) II P540 Dual-Core Processor
16:23:26:  *      SSE: yes
16:23:26:  *     SSE2: yes
16:23:26:  *     SSE3: yes
16:23:26:  *      MMX: yes
16:23:26:  *   MMXEXT: yes
16:23:26:  *    3DNOW: yes
16:23:26:  * 3DNOWEXT: yes
16:23:26:  *     CMOV: yes
16:23:26:  *      TSC: yes
16:23:26:  *      FPU: yes
16:23:26:  *      PRO: yes
16:23:26:  *       HT: no
16:23:26: -------------------------
16:23:26: ******************************
*** Starting GLX Subsystem ***
******************************
16:23:26: GLRenderSystem::_createRenderWindow "TutorialApplication Render Window", 640x480 windowed  miscParams: FSAA=4 displayFrequency=60 MHz gamma=No vsync=No 
16:23:26: GLXWindow::create used FBConfigID = 55
16:23:26: GL_VERSION = 4.1.10665 Compatibility Profile Context
16:23:26: GL_VENDOR = ATI Technologies Inc.
16:23:26: GL_RENDERER = ATI Mobility Radeon HD 5000 Series
16:23:26: GL_EXTENSIONS = GL_AMDX_debug_output GL_AMDX_vertex_shader_tessellator GL_AMD_conservative_depth GL_AMD_debug_output GL_AMD_depth_clamp_separate GL_AMD_draw_buffers_blend GL_AMD_name_gen_delete GL_AMD_performance_monitor GL_AMD_sample_positions GL_AMD_seamless_cubemap_per_texture GL_AMD_shader_stencil_export GL_AMD_shader_trace GL_AMD_texture_cube_map_array GL_AMD_texture_texture4 GL_AMD_transform_feedback3_lines_triangles GL_AMD_vertex_shader_tessellator GL_ARB_ES2_compatibility GL_ARB_blend_func_extended GL_ARB_color_buffer_float GL_ARB_copy_buffer GL_ARB_depth_buffer_float GL_ARB_depth_clamp GL_ARB_depth_texture GL_ARB_draw_buffers GL_ARB_draw_buffers_blend GL_ARB_draw_elements_base_vertex GL_ARB_draw_indirect GL_ARB_draw_instanced GL_ARB_explicit_attrib_location GL_ARB_fragment_coord_conventions GL_ARB_fragment_program GL_ARB_fragment_program_shadow GL_ARB_fragment_shader GL_ARB_framebuffer_object GL_ARB_framebuffer_sRGB GL_ARB_geometry_shader4 GL_ARB_get_program_binary GL_ARB_gpu_shader5 GL_ARB_gpu_shader_fp64 GL_ARB_half_float_pixel GL_ARB_half_float_vertex GL_ARB_imaging GL_ARB_instanced_arrays GL_ARB_map_buffer_range GL_ARB_multisample GL_ARB_multitexture GL_ARB_occlusion_query GL_ARB_occlusion_query2 GL_ARB_pixel_buffer_object GL_ARB_point_parameters GL_ARB_point_sprite GL_ARB_provoking_vertex GL_ARB_sample_shading GL_ARB_sampler_objects GL_ARB_seamless_cube_map GL_ARB_separate_shader_objects GL_ARB_shader_bit_encoding GL_ARB_shader_objects GL_ARB_shader_precision GL_ARB_shader_stencil_export GL_ARB_shader_subroutine GL_ARB_shader_texture_lod GL_ARB_shading_language_100 GL_ARB_shadow GL_ARB_shadow_ambient GL_ARB_sync GL_ARB_tessellation_shader GL_ARB_texture_border_clamp GL_ARB_texture_buffer_object GL_ARB_texture_buffer_object_rgb32 GL_ARB_texture_compression GL_ARB_texture_compression_bptc GL_ARB_texture_compression_rgtc GL_ARB_texture_cube_map GL_ARB_texture_cube_map_array GL_ARB_texture_env_add GL_ARB_texture_env_combine GL_ARB_texture_env_crossbar GL_ARB_texture_env_dot3 GL_ARB_texture_float GL_ARB_texture_gather GL_ARB_texture_mirrored_repeat GL_ARB_texture_multisample GL_ARB_texture_non_power_of_two GL_ARB_texture_query_lod GL_ARB_texture_rectangle GL_ARB_texture_rg GL_ARB_texture_rgb10_a2ui GL_ARB_texture_snorm GL_ARB_timer_query GL_ARB_transform_feedback2 GL_ARB_transform_feedback3 GL_ARB_transpose_matrix GL_ARB_uniform_buffer_object GL_ARB_vertex_array_bgra GL_ARB_vertex_array_object GL_ARB_vertex_attrib_64bit GL_ARB_vertex_buffer_object GL_ARB_vertex_program GL_ARB_vertex_shader GL_ARB_vertex_type_2_10_10_10_rev GL_ARB_viewport_array GL_ARB_window_pos GL_ATI_draw_buffers GL_ATI_envmap_bumpmap GL_ATI_fragment_shader GL_ATI_meminfo GL_ATI_separate_stencil GL_ATI_texture_compression_3dc GL_ATI_texture_env_combine3 GL_ATI_texture_float GL_ATI_texture_mirror_once GL_EXT_abgr GL_EXT_bgra GL_EXT_bindable_uniform GL_EXT_blend_color GL_EXT_blend_equation_separate GL_EXT_blend_func_separate GL_EXT_blend_minmax GL_EXT_blend_subtract GL_EXT_compiled_vertex_array GL_EXT_copy_buffer GL_EXT_copy_texture GL_EXT_direct_state_access GL_EXT_draw_buffers2 GL_EXT_draw_instanced GL_EXT_draw_range_elements GL_EXT_fog_coord GL_EXT_framebuffer_blit GL_EXT_framebuffer_multisample GL_EXT_framebuffer_object GL_EXT_framebuffer_sRGB GL_EXT_geometry_shader4 GL_EXT_gpu_program_parameters GL_EXT_gpu_shader4 GL_EXT_histogram GL_EXT_multi_draw_arrays GL_EXT_packed_depth_stencil GL_EXT_packed_float GL_EXT_packed_pixels GL_EXT_pixel_buffer_object GL_EXT_point_parameters GL_EXT_provoking_vertex GL_EXT_rescale_normal GL_EXT_secondary_color GL_EXT_separate_specular_color GL_EXT_shader_image_load_store GL_EXT_shadow_funcs GL_EXT_stencil_wrap GL_EXT_subtexture GL_EXT_texgen_reflection GL_EXT_texture3D GL_EXT_texture_array GL_EXT_texture_buffer_object GL_EXT_texture_compression_bptc GL_EXT_texture_compression_latc GL_EXT_texture_compression_rgtc GL_EXT_texture_compression_s3tc GL_EXT_texture_cube_map GL_EXT_texture_edge_clamp GL_EXT_texture_env_add GL_EXT_texture_env_combine GL_EXT_texture_env_dot3 GL_EXT_texture_filter_anisotropic GL_EXT_texture_integer GL_EXT_texture_lod GL_EXT_texture_lod_bias GL_EXT_texture_mirror_clamp GL_EXT_texture_object GL_EXT_texture_rectangle GL_EXT_texture_sRGB GL_EXT_texture_shared_exponent GL_EXT_texture_snorm GL_EXT_texture_swizzle GL_EXT_timer_query GL_EXT_transform_feedback GL_EXT_vertex_array GL_EXT_vertex_array_bgra GL_EXT_vertex_attrib_64bit GL_IBM_texture_mirrored_repeat GL_KTX_buffer_region GL_NV_blend_square GL_NV_conditional_render GL_NV_copy_depth_to_color GL_NV_explicit_multisample GL_NV_float_buffer GL_NV_half_float GL_NV_primitive_restart GL_NV_texgen_reflection GL_NV_texture_barrier GL_SGIS_generate_mipmap GL_SGIS_texture_edge_clamp GL_SGIS_texture_lod GL_SUN_multi_draw_arrays GL_WIN_swap_hint WGL_EXT_swap_control
16:23:26: Supported GLX extensions: GLX_ARB_create_context GLX_ARB_create_context_profile GLX_ARB_get_proc_address GLX_ARB_multisample GLX_EXT_import_context GLX_EXT_visual_info GLX_EXT_visual_rating GLX_MESA_swap_control GLX_NV_swap_group GLX_OML_swap_method GLX_SGI_make_current_read GLX_SGI_swap_control GLX_SGI_video_sync GLX_SGIS_multisample GLX_SGIX_fbconfig GLX_SGIX_pbuffer GLX_SGIX_swap_barrier GLX_SGIX_swap_group GLX_SGIX_visual_select_group GLX_EXT_texture_from_pixmap 
16:23:26: ***************************
16:23:26: *** GL Renderer Started ***
16:23:26: ***************************
16:23:27: Registering ResourceManager for type GpuProgram
16:23:27: GLSL support detected
16:23:27: GL: Using GL_EXT_framebuffer_object for rendering to textures (best)
16:23:27: FBO PF_UNKNOWN depth/stencil support: D0S1 D0S4 D0S8 D0S16 D16S0 D24S0 D32S0 Packed-D24S8 
16:23:27: FBO PF_L8 depth/stencil support: D0S0 D0S1 D0S4 D0S8 D0S16 D16S0 D24S0 D32S0 Packed-D24S8 
16:23:27: FBO PF_L16 depth/stencil support: D0S0 D0S1 D0S4 D0S8 D0S16 D16S0 D24S0 D32S0 Packed-D24S8 
16:23:27: FBO PF_A8 depth/stencil support: D0S0 D0S1 D0S4 D0S8 D0S16 D16S0 D24S0 D32S0 Packed-D24S8 
16:23:27: FBO PF_A4L4 depth/stencil support: D0S0 D0S1 D0S4 D0S8 D0S16 D16S0 D24S0 D32S0 Packed-D24S8 
16:23:27: FBO PF_BYTE_LA depth/stencil support: D0S0 D0S1 D0S4 D0S8 D0S16 D16S0 D24S0 D32S0 Packed-D24S8 
16:23:27: FBO PF_R5G6B5 depth/stencil support: D0S0 D0S1 D0S4 D0S8 D0S16 D16S0 D24S0 D32S0 Packed-D24S8 
16:23:27: FBO PF_B5G6R5 depth/stencil support: D0S0 D0S1 D0S4 D0S8 D0S16 D16S0 D24S0 D32S0 Packed-D24S8 
16:23:27: FBO PF_A4R4G4B4 depth/stencil support: D0S0 D0S1 D0S4 D0S8 D0S16 D16S0 D24S0 D32S0 Packed-D24S8 
16:23:27: FBO PF_A1R5G5B5 depth/stencil support: D0S0 D0S1 D0S4 D0S8 D0S16 D16S0 D24S0 D32S0 Packed-D24S8 
16:23:27: FBO PF_R8G8B8 depth/stencil support: D0S0 D0S1 D0S4 D0S8 D0S16 D16S0 D24S0 D32S0 Packed-D24S8 
16:23:27: FBO PF_B8G8R8 depth/stencil support: D0S0 D0S1 D0S4 D0S8 D0S16 D16S0 D24S0 D32S0 Packed-D24S8 
16:23:27: FBO PF_A8R8G8B8 depth/stencil support: D0S0 D0S1 D0S4 D0S8 D0S16 D16S0 D24S0 D32S0 Packed-D24S8 
16:23:27: FBO PF_B8G8R8A8 depth/stencil support: D0S0 D0S1 D0S4 D0S8 D0S16 D16S0 D24S0 D32S0 Packed-D24S8 
16:23:27: FBO PF_A2R10G10B10 depth/stencil support: D0S0 D0S1 D0S4 D0S8 D0S16 D16S0 D24S0 D32S0 Packed-D24S8 
16:23:27: FBO PF_A2B10G10R10 depth/stencil support: D0S0 D0S1 D0S4 D0S8 D0S16 D16S0 D24S0 D32S0 Packed-D24S8 
16:23:27: FBO PF_FLOAT16_RGB depth/stencil support: D0S0 D0S1 D0S4 D0S8 D0S16 D16S0 D24S0 D32S0 Packed-D24S8 
16:23:27: FBO PF_FLOAT16_RGBA depth/stencil support: D0S0 D0S1 D0S4 D0S8 D0S16 D16S0 D24S0 D32S0 Packed-D24S8 
16:23:27: FBO PF_FLOAT32_RGB depth/stencil support: D0S0 D0S1 D0S4 D0S8 D0S16 D16S0 D24S0 D32S0 Packed-D24S8 
16:23:27: FBO PF_FLOAT32_RGBA depth/stencil support: D0S0 D0S1 D0S4 D0S8 D0S16 D16S0 D24S0 D32S0 Packed-D24S8 
16:23:27: FBO PF_X8R8G8B8 depth/stencil support: D0S0 D0S1 D0S4 D0S8 D0S16 D16S0 D24S0 D32S0 Packed-D24S8 
16:23:27: FBO PF_X8B8G8R8 depth/stencil support: D0S0 D0S1 D0S4 D0S8 D0S16 D16S0 D24S0 D32S0 Packed-D24S8 
16:23:27: FBO PF_SHORT_RGBA depth/stencil support: D0S0 D0S1 D0S4 D0S8 D0S16 D16S0 D24S0 D32S0 Packed-D24S8 
16:23:27: FBO PF_R3G3B2 depth/stencil support: D0S0 D0S1 D0S4 D0S8 D0S16 D16S0 D24S0 D32S0 Packed-D24S8 
16:23:27: FBO PF_FLOAT16_R depth/stencil support: D0S0 D0S1 D0S4 D0S8 D0S16 D16S0 D24S0 D32S0 Packed-D24S8 
16:23:27: FBO PF_FLOAT32_R depth/stencil support: D0S0 D0S1 D0S4 D0S8 D0S16 D16S0 D24S0 D32S0 Packed-D24S8 
16:23:27: FBO PF_SHORT_GR depth/stencil support: D0S0 D0S1 D0S4 D0S8 D0S16 D16S0 D24S0 D32S0 Packed-D24S8 
16:23:27: FBO PF_FLOAT16_GR depth/stencil support: D0S0 D0S1 D0S4 D0S8 D0S16 D16S0 D24S0 D32S0 Packed-D24S8 
16:23:27: FBO PF_FLOAT32_GR depth/stencil support: D0S0 D0S1 D0S4 D0S8 D0S16 D16S0 D24S0 D32S0 Packed-D24S8 
16:23:27: FBO PF_SHORT_RGB depth/stencil support: D0S0 D0S1 D0S4 D0S8 D0S16 D16S0 D24S0 D32S0 Packed-D24S8 
16:23:27: [GL] : Valid FBO targets PF_UNKNOWN PF_L8 PF_L16 PF_A8 PF_A4L4 PF_BYTE_LA PF_R5G6B5 PF_B5G6R5 PF_A4R4G4B4 PF_A1R5G5B5 PF_R8G8B8 PF_B8G8R8 PF_A8R8G8B8 PF_B8G8R8A8 PF_A2R10G10B10 PF_A2B10G10R10 PF_FLOAT16_RGB PF_FLOAT16_RGBA PF_FLOAT32_RGB PF_FLOAT32_RGBA PF_X8R8G8B8 PF_X8B8G8R8 PF_SHORT_RGBA PF_R3G3B2 PF_FLOAT16_R PF_FLOAT32_R PF_SHORT_GR PF_FLOAT16_GR PF_FLOAT32_GR PF_SHORT_RGB 
16:23:27: RenderSystem capabilities
16:23:27: -------------------------
16:23:27: RenderSystem Name: OpenGL Rendering Subsystem
16:23:27: GPU Vendor: ati
16:23:27: Device Name: ATI Mobility Radeon HD 5000 Series
16:23:27: Driver Version: 4.1.10665.0
16:23:27:  * Fixed function pipeline: yes
16:23:27:  * Hardware generation of mipmaps: no
16:23:27:  * Texture blending: yes
16:23:27:  * Anisotropic texture filtering: yes
16:23:27:  * Dot product texture operation: yes
16:23:27:  * Cube mapping: yes
16:23:27:  * Hardware stencil buffer: yes
16:23:27:    - Stencil depth: 8
16:23:27:    - Two sided stencil support: yes
16:23:27:    - Wrap stencil values: yes
16:23:27:  * Hardware vertex / index buffers: yes
16:23:27:  * Vertex programs: yes
16:23:27:  * Number of floating-point constants for vertex programs: 256
16:23:27:  * Number of integer constants for vertex programs: 0
16:23:27:  * Number of boolean constants for vertex programs: 0
16:23:27:  * Fragment programs: yes
16:23:27:  * Number of floating-point constants for fragment programs: 256
16:23:27:  * Number of integer constants for fragment programs: 0
16:23:27:  * Number of boolean constants for fragment programs: 0
16:23:27:  * Geometry programs: yes
16:23:27:  * Number of floating-point constants for geometry programs: 256
16:23:27:  * Number of integer constants for geometry programs: 0
16:23:27:  * Number of boolean constants for geometry programs: 0
16:23:27:  * Supported Shader Profiles: arbfp1 arbvp1 glsl gp4gp gpu_gp nvgp4 ps_1_1 ps_1_2 ps_1_3 ps_1_4
16:23:27:  * Texture Compression: yes
16:23:27:    - DXT: yes
16:23:27:    - VTC: no
16:23:27:    - PVRTC: no
16:23:27:  * Scissor Rectangle: yes
16:23:27:  * Hardware Occlusion Query: yes
16:23:27:  * User clip planes: yes
16:23:27:  * VET_UBYTE4 vertex element type: yes
16:23:27:  * Infinite far plane projection: yes
16:23:27:  * Hardware render-to-texture: yes
16:23:27:  * Floating point textures: yes
16:23:27:  * Non-power-of-two textures: yes
16:23:27:  * Volume textures: yes
16:23:27:  * Multiple Render Targets: 8
16:23:27:    - With different bit depths: yes
16:23:27:  * Point Sprites: yes
16:23:27:  * Extended point parameters: yes
16:23:27:  * Max Point Size: 8192
16:23:27:  * Vertex texture fetch: yes
16:23:27:  * Number of world matrices: 0
16:23:27:  * Number of texture units: 16
16:23:27:  * Stencil buffer depth: 8
16:23:27:  * Number of vertex blend matrices: 0
16:23:27:    - Max vertex textures: 16
16:23:27:    - Vertex textures shared: yes
16:23:27:  * Render to Vertex Buffer : no
16:23:27:  * GL 1.5 without VBO workaround: no
16:23:27:  * Frame Buffer objects: yes
16:23:27:  * Frame Buffer objects (ARB extension): no
16:23:27:  * Frame Buffer objects (ATI extension): no
16:23:27:  * PBuffer support: yes
16:23:27:  * GL 1.5 without HW-occlusion workaround: no
16:23:27: Registering ResourceManager for type Texture
16:23:27: Using FSAA from GL_ARB_multisample extension.
16:23:27: DefaultWorkQueue('Root') initialising on thread 0x832b2b0.
16:23:27: Particle Renderer Type 'billboard' registered
16:23:27: SceneManagerFactory for type 'BspSceneManager' registered.
16:23:27: Registering ResourceManager for type BspLevel
16:23:27: SceneManagerFactory for type 'PCZSceneManager' registered.
16:23:27: MovableObjectFactory for type 'PCZLight' registered.
16:23:27: MovableObjectFactory for type 'Portal' registered.
16:23:27: MovableObjectFactory for type 'AntiPortal' registered.
16:23:27: PCZone Factory Type 'ZoneType_Octree' registered
16:23:27: PCZone Factory Type 'ZoneType_Terrain' registered
16:23:27: SceneManagerFactory for type 'OctreeSceneManager' registered.
16:23:27: SceneManagerFactory for type 'TerrainSceneManager' registered.
16:23:27: Parsing scripts for resource group Autodetect
16:23:27: Finished parsing scripts for resource group Autodetect
16:23:27: Parsing scripts for resource group Essential
16:23:27: Parsing script SdkTrays.material
16:23:27: DefaultWorkQueue('Root')::WorkerFunc - thread 0x8833908 starting.
16:23:27: DefaultWorkQueue('Root')::WorkerFunc - thread 0x883e348 starting.
16:23:27: Parsing script SdkTrays.fontdef
16:23:27: Parsing script SdkTrays.overlay
16:23:27: Bad element attribute line: '# you can offset the image to change the cursor "hotspot"' for element SdkTrays/Cursor in overlay 
16:23:27: Texture: sdk_cursor.png: Loading 1 faces(PF_A8R8G8B8,32x32x1) with 5 generated mipmaps from Image. Internal format is PF_A8R8G8B8,32x32x1.
16:23:27: Texture: sdk_tray.png: Loading 1 faces(PF_A8R8G8B8,64x64x1) with 5 generated mipmaps from Image. Internal format is PF_A8R8G8B8,64x64x1.
16:23:27: Texture: sdk_button_up.png: Loading 1 faces(PF_A8R8G8B8,128x32x1) with 5 generated mipmaps from Image. Internal format is PF_A8R8G8B8,128x32x1.
16:23:27: Texture: sdk_text_box.png: Loading 1 faces(PF_A8R8G8B8,32x32x1) with 5 generated mipmaps from Image. Internal format is PF_A8R8G8B8,32x32x1.
16:23:27: Texture: sdk_mini_tray.png: Loading 1 faces(PF_A8R8G8B8,32x32x1) with 5 generated mipmaps from Image. Internal format is PF_A8R8G8B8,32x32x1.
16:23:27: Texture: sdk_track.png: Loading 1 faces(PF_A8R8G8B8,16x32x1) with 5 generated mipmaps from Image. Internal format is PF_A8R8G8B8,16x32x1.
16:23:27: Texture: sdk_handle.png: Loading 1 faces(PF_A8R8G8B8,16x16x1) with 4 generated mipmaps from Image. Internal format is PF_A8R8G8B8,16x16x1.
16:23:27: Texture: sdk_mini_text_box.png: Loading 1 faces(PF_A8R8G8B8,32x32x1) with 5 generated mipmaps from Image. Internal format is PF_A8R8G8B8,32x32x1.
16:23:27: Texture: sdk_label.png: Loading 1 faces(PF_A8R8G8B8,32x32x1) with 5 generated mipmaps from Image. Internal format is PF_A8R8G8B8,32x32x1.
16:23:27: Texture: sdk_separator.png: Loading 1 faces(PF_A8R8G8B8,64x16x1) with 5 generated mipmaps from Image. Internal format is PF_A8R8G8B8,64x16x1.
16:23:27: Texture: sdk_logo.png: Loading 1 faces(PF_A8R8G8B8,128x64x1) with 5 generated mipmaps from Image. Internal format is PF_A8R8G8B8,128x64x1.
16:23:27: Texture: sdk_shade.png: Loading 1 faces(PF_A8R8G8B8,64x48x1) with 5 generated mipmaps from Image. Internal format is PF_A8R8G8B8,64x48x1.
16:23:27: Texture: sdk_frame.png: Loading 1 faces(PF_A8R8G8B8,32x32x1) with 5 generated mipmaps from Image. Internal format is PF_A8R8G8B8,32x32x1.
16:23:27: Texture: sdk_mini_text_box_over.png: Loading 1 faces(PF_A8R8G8B8,32x32x1) with 5 generated mipmaps from Image. Internal format is PF_A8R8G8B8,32x32x1.
16:23:27: Texture: sdk_pulse.png: Loading 1 faces(PF_R8G8B8,8x1x1) with 3 generated mipmaps from Image. Internal format is PF_X8R8G8B8,8x1x1.
16:23:27: Finished parsing scripts for resource group Essential
16:23:27: Parsing scripts for resource group General
16:23:27: Parsing script StdQuad_vp.program
16:23:27: Parsing script Examples.program
16:23:27: GLSL compiled : Ogre/BasicVertexPrograms/AmbientOneTextureGLSLVertex shader was successfully compiled to run on hardware.

16:23:27: GLSL compiled : Ogre/HardwareSkinningTwoWeightsGLSLVertex shader was successfully compiled to run on hardware.

16:23:27: OGRE EXCEPTION(2:InvalidParametersException): Parameter called ambient does not exist.  in GpuProgramParameters::_findNamedConstantDefinition at /build/buildd/ogre-1.7.3/OgreMain/src/OgreGpuProgramParams.cpp (line 1435)
16:23:27: Compiler error: invalid parameters in Examples.program(130): setting of constant failed
16:23:27: Parsing script Invert.material
16:23:27: Parsing script GLSLSwizzle.material
16:23:27: GLSL compiled : Ogre/GPTest/Swizzle_GP_GLSLGeometry shader was successfully compiled to run on hardware.

16:23:27: GLSL compiled : Ogre/GPTest/Passthrough_VP_GLSLVertex shader was successfully compiled to run on hardware.

16:23:27: Parsing script Hurt.material
16:23:27: Parsing script Examples-DynTex.material
16:23:27: Parsing script Glass.material
16:23:27: Parsing script HeatVision.material
16:23:27: Parsing script BlackAndWhite.material
16:23:27: Parsing script Bloom2.material
16:23:27: GLSL compiled : Bloom2_ps20_glslFragment shader was successfully compiled to run on hardware.

16:23:27: Parsing script Tiling.material
16:23:27: Parsing script sibenik.material
16:23:27: Parsing script MRTtest.material
16:23:27: GLSL compiled : Ogre/MRTtest/scenefp/GLSLFragment shader was successfully compiled to run on hardware.

16:23:27: GLSL compiled : Ogre/MRTtest/quadfp/GLSLFragment shader was successfully compiled to run on hardware.

16:23:27: GLSL compiled : Ogre/Compositor/StdQuad_GLSL_vpVertex shader was successfully compiled to run on hardware.

16:23:27: Parsing script facial.material
16:23:27: Parsing script hdr.material
16:23:27: GLSL compiled : Ogre/Compositor/HDR/downscale2x2LuminenceGLSL_fpFragment shader was successfully compiled to run on hardware.

16:23:27: GLSL compiled : Ogre/Compositor/HDR/downscale3x3GLSL_fpFragment shader was successfully compiled to run on hardware.

16:23:27: GLSL compiled : Ogre/Compositor/HDR/utils_fpFragment shader was successfully compiled to run on hardware.

16:23:27: GLSL compiled : Ogre/Compositor/HDR/downscale3x3brightpassGLSL_fpFragment shader was successfully compiled to run on hardware.

16:23:27: GLSL compiled : Ogre/Compositor/HDR/bloomGLSL_fpFragment shader was successfully compiled to run on hardware.

16:23:27: GLSL compiled : Ogre/Compositor/HDR/utils_fpFragment shader was successfully compiled to run on hardware.

16:23:27: GLSL compiled : Ogre/Compositor/HDR/finaltonemappingGLSL_fpFragment shader was successfully compiled to run on hardware.

16:23:27: Parsing script Example-Water.material
16:23:27: Parsing script Ocean.material
16:23:27: GLSL compiled : GLSL/OceanVSVertex shader was successfully compiled to run on hardware.

16:23:27: GLSL compiled : GLSL/OceanFSFragment shader was successfully compiled to run on hardware.

16:23:27: GLSL compiled : GLSL/Ocean2VSVertex shader was successfully compiled to run on hardware.

16:23:27: GLSL compiled : GLSL/Ocean2FSFragment shader was successfully compiled to run on hardware.

16:23:27: Parsing script IsoSurf.material
16:23:27: Problem parsing the following Cg Uniform: '@TMP29' in file Ogre/IsoSurf/TessellateTetrahedraGS
16:23:27: Parsing script smoke.material
16:23:27: Parsing script Penguin.material
16:23:27: Parsing script DepthShadowmap.material
16:23:27: GLSL compiled : Ogre/DepthShadowmap/CasterVP_GLSLVertex shader was successfully compiled to run on hardware.

16:23:27: GLSL compiled : Ogre/DepthShadowmap/CasterFP_GLSLFragment shader was successfully compiled to run on hardware.

16:23:27: GLSL compiled : Ogre/DepthShadowmap/ReceiverVP_GLSLVertex shader was successfully compiled to run on hardware.

16:23:27: GLSL compiled : Ogre/DepthShadowmap/ReceiverFP_GLSLFragment shader was successfully compiled to run on hardware.

16:23:27: GLSL compiled : Ogre/DepthShadowmap/ReceiverFPPCF_GLSLFragment shader was successfully compiled to run on hardware.

16:23:27: GLSL compiled : Ogre/DepthShadowmap/NormalMapReceiverVP_GLSLVertex shader was successfully compiled to run on hardware.

16:23:27: GLSL compiled : Ogre/DepthShadowmap/NormalMapReceiverFP_GLSLFragment shader was successfully compiled to run on hardware.

16:23:27: GLSL compiled : Ogre/DepthShadowmap/NormalMapReceiverFPPCF_GLSLFragment shader was successfully compiled to run on hardware.

16:23:27: Parsing script Embossed.material
16:23:27: Parsing script VarianceShadowmap.material
16:23:27: Parsing script SharpenEdges.material
16:23:27: Parsing script OldTV.material
16:23:27: Parsing script ASMSwizzle.material
16:23:27: Parsing script CGSwizzle.material
16:23:27: Parsing script ASCII.material
16:23:27: Parsing script ParticleGS.material
16:23:27: OGRE EXCEPTION(7:InternalErrorException): Unable to compile Cg program Ogre/ParticleGS/DisplayPS: The compile returned an error.
(323) : fatal error C9999: unexpected cast operation
 in CgProgram::loadFromSource at /build/buildd/ogre-1.7.3/PlugIns/CgProgramManager/src/OgreCgProgramManagerDll.cpp (line 67)
16:23:27: High-level program Ogre/ParticleGS/DisplayPS encountered an error during loading and is thus not supported.
OGRE EXCEPTION(7:InternalErrorException): Unable to compile Cg program Ogre/ParticleGS/DisplayPS: The compile returned an error.
(323) : fatal error C9999: unexpected cast operation
 in CgProgram::loadFromSource at /build/buildd/ogre-1.7.3/PlugIns/CgProgramManager/src/OgreCgProgramManagerDll.cpp (line 67)
16:23:27: Parsing script DOF.material
16:23:27: Parsing script OldMovie.material
16:23:27: Parsing script Examples.material
16:23:27: OGRE EXCEPTION(2:InvalidParametersException): Parameter called camObjPos does not exist.  in GpuProgramParameters::_findNamedConstantDefinition at /build/buildd/ogre-1.7.3/OgreMain/src/OgreGpuProgramParams.cpp (line 1435)
16:23:27: Compiler error: invalid parameters in Examples.material(837): setting of constant failed
16:23:27: GLSL compiled : Ogre/HardwareSkinningTwoWeightsShadowCasterGLSLVertex shader was successfully compiled to run on hardware.

16:23:27: Parsing script Laplace.material
16:23:27: Parsing script Dither.material
16:23:27: Parsing script Ogre.material
16:23:27: Parsing script NightVision.material
16:23:27: Parsing script OffsetMapping.material
16:23:27: GLSL compiled : Examples/OffsetMappingIntegratedShadowsFPglslFragment shader was successfully compiled to run on hardware.

16:23:27: GLSL compiled : Examples/OffsetMappingIntegratedShadowsVPglslVertex shader was successfully compiled to run on hardware.

16:23:27: Parsing script instancing.material
16:23:27: GLSL compiled : InstancingGLSLVertex shader was successfully compiled to run on hardware.

16:23:27: GLSL compiled : InstancingShadowCasterGLSLVertex shader was successfully compiled to run on hardware.

16:23:27: GLSL compiled : CrowdGLSLVertex shader was successfully compiled to run on hardware.

16:23:27: GLSL compiled : CrowdShadowCasterGLSLVertex shader was successfully compiled to run on hardware.

16:23:27: Parsing script CompositorDemo.material
16:23:27: Parsing script pssm.material
16:23:27: Parsing script shadows.material
16:23:27: Parsing script Bloom.material
16:23:27: GLSL compiled : Blur_ps_glslFragment shader was successfully compiled to run on hardware.

16:23:27: GLSL compiled : Blur0_vs_glslVertex shader was successfully compiled to run on hardware.

16:23:27: GLSL compiled : Blur1_vs_glslVertex shader was successfully compiled to run on hardware.

16:23:27: Parsing script RadialBlur.material
16:23:27: Parsing script MotionBlur.material
16:23:27: Parsing script Examples-Water.material
16:23:27: Parsing script Examples-Advanced.material
16:23:27: Parsing script Posterize.material
16:23:27: Parsing script Halftone.material
16:23:28: Parsing script RZR-002.material
16:23:28: Parsing script ShaderSystem.material
16:23:28: Parsing script Examples.compositor
16:23:28: Finished parsing scripts for resource group General
16:23:28: Parsing scripts for resource group Internal
16:23:28: Finished parsing scripts for resource group Internal
16:23:28: Mesh: Loading ninja.mesh.
16:23:28: Skeleton: Loading ninja.skeleton
16:23:28: Texture: nskingr.jpg: Loading 1 faces(PF_R8G8B8,512x512x1) with 5 generated mipmaps from Image. Internal format is PF_X8R8G8B8,512x512x1.
16:23:28: *** Initializing OIS ***
16:23:28: Font SdkTrays/Captionusing texture size 512x256
16:23:28: Info: Freetype returned null for character 160 in font SdkTrays/Caption
16:23:28: Texture: SdkTrays/CaptionTexture: Loading 1 faces(PF_BYTE_LA,512x256x1) with 0 generated mipmaps from Image. Internal format is PF_BYTE_LA,512x256x1.
16:23:28: Font SdkTrays/Valueusing texture size 512x256
16:23:28: Info: Freetype returned null for character 127 in font SdkTrays/Value
16:23:28: Info: Freetype returned null for character 128 in font SdkTrays/Value
16:23:28: Info: Freetype returned null for character 129 in font SdkTrays/Value
16:23:28: Info: Freetype returned null for character 130 in font SdkTrays/Value
16:23:28: Info: Freetype returned null for character 131 in font SdkTrays/Value
16:23:28: Info: Freetype returned null for character 132 in font SdkTrays/Value
16:23:28: Info: Freetype returned null for character 133 in font SdkTrays/Value
16:23:28: Info: Freetype returned null for character 134 in font SdkTrays/Value
16:23:28: Info: Freetype returned null for character 135 in font SdkTrays/Value
16:23:28: Info: Freetype returned null for character 136 in font SdkTrays/Value
16:23:28: Info: Freetype returned null for character 137 in font SdkTrays/Value
16:23:28: Info: Freetype returned null for character 138 in font SdkTrays/Value
16:23:28: Info: Freetype returned null for character 139 in font SdkTrays/Value
16:23:28: Info: Freetype returned null for character 140 in font SdkTrays/Value
16:23:28: Info: Freetype returned null for character 141 in font SdkTrays/Value
16:23:28: Info: Freetype returned null for character 142 in font SdkTrays/Value
16:23:28: Info: Freetype returned null for character 143 in font SdkTrays/Value
16:23:28: Info: Freetype returned null for character 144 in font SdkTrays/Value
16:23:28: Info: Freetype returned null for character 145 in font SdkTrays/Value
16:23:28: Info: Freetype returned null for character 146 in font SdkTrays/Value
16:23:28: Info: Freetype returned null for character 147 in font SdkTrays/Value
16:23:28: Info: Freetype returned null for character 148 in font SdkTrays/Value
16:23:28: Info: Freetype returned null for character 149 in font SdkTrays/Value
16:23:28: Info: Freetype returned null for character 150 in font SdkTrays/Value
16:23:28: Info: Freetype returned null for character 151 in font SdkTrays/Value
16:23:28: Info: Freetype returned null for character 152 in font SdkTrays/Value
16:23:28: Info: Freetype returned null for character 153 in font SdkTrays/Value
16:23:28: Info: Freetype returned null for character 154 in font SdkTrays/Value
16:23:28: Info: Freetype returned null for character 155 in font SdkTrays/Value
16:23:28: Info: Freetype returned null for character 156 in font SdkTrays/Value
16:23:28: Info: Freetype returned null for character 157 in font SdkTrays/Value
16:23:28: Info: Freetype returned null for character 158 in font SdkTrays/Value
16:23:28: Info: Freetype returned null for character 159 in font SdkTrays/Value
16:23:28: Info: Freetype returned null for character 160 in font SdkTrays/Value
16:23:28: Texture: SdkTrays/ValueTexture: Loading 1 faces(PF_BYTE_LA,512x256x1) with 0 generated mipmaps from Image. Internal format is PF_BYTE_LA,512x256x1.
16:23:32: DefaultWorkQueue('Root') shutting down on thread 0x832b2b0.
16:23:32: DefaultWorkQueue('Root')::WorkerFunc - thread 0x883e348 stopped.
16:23:32: DefaultWorkQueue('Root')::WorkerFunc - thread 0x8833908 stopped.
16:23:32: PCZone Factory Type 'ZoneType_Octree' unregistered
16:23:32: PCZone Factory Type 'ZoneType_Terrain' unregistered
16:23:32: Unregistering ResourceManager for type BspLevel
16:23:32: *-*-* OGRE Shutdown
16:23:32: Unregistering ResourceManager for type Compositor
16:23:32: Unregistering ResourceManager for type Font
16:23:32: Unregistering ResourceManager for type Skeleton
16:23:32: Unregistering ResourceManager for type Mesh
16:23:32: Unregistering ResourceManager for type HighLevelGpuProgram
16:23:32: Uninstalling plugin: Octree & Terrain Scene Manager
16:23:32: Plugin successfully uninstalled
16:23:32: Unloading library /usr/lib/OGRE/Plugin_OctreeSceneManager
16:23:32: Uninstalling plugin: Octree Zone Factory
16:23:32: Plugin successfully uninstalled
16:23:32: Unloading library /usr/lib/OGRE/Plugin_OctreeZone
16:23:32: Uninstalling plugin: Portal Connected Zone Scene Manager
16:23:32: Plugin successfully uninstalled
16:23:32: Unloading library /usr/lib/OGRE/Plugin_PCZSceneManager
16:23:32: Uninstalling plugin: Cg Program Manager
16:23:32: Plugin successfully uninstalled
16:23:32: Unloading library /usr/lib/OGRE/Plugin_CgProgramManager
16:23:32: Uninstalling plugin: BSP Scene Manager
16:23:32: Plugin successfully uninstalled
16:23:32: Unloading library /usr/lib/OGRE/Plugin_BSPSceneManager
16:23:32: Uninstalling plugin: ParticleFX
16:23:32: Plugin successfully uninstalled
16:23:32: Unloading library /usr/lib/OGRE/Plugin_ParticleFX
16:23:32: Uninstalling plugin: GL RenderSystem
16:23:32: Unregistering ResourceManager for type GpuProgram
16:23:32: ******************************
*** Stopping GLX Subsystem ***
******************************
16:23:32: Unregistering ResourceManager for type Texture
16:23:32: Plugin successfully uninstalled
16:23:32: Unloading library /usr/lib/OGRE/RenderSystem_GL
16:23:32: Unregistering ResourceManager for type Material
